#
# There is insufficient memory for the Java Runtime Environment to continue.
# Native memory allocation (mmap) failed to map 65536 bytes for Failed to commit metaspace.
# Possible reasons:
#   The system is out of physical RAM or swap space
#   The process is running with CompressedOops enabled, and the Java Heap may be blocking the growth of the native heap
# Possible solutions:
#   Reduce memory load on the system
#   Increase physical memory or swap space
#   Check if swap backing store is full
#   Decrease Java heap size (-Xmx/-Xms)
#   Decrease number of Java threads
#   Decrease Java thread stack sizes (-Xss)
#   Set larger code cache with -XX:ReservedCodeCacheSize=
#   JVM is running with Unscaled Compressed Oops mode in which the Java heap is
#     placed in the first 4GB address space. The Java Heap base address is the
#     maximum limit for the native heap growth. Please use -XX:HeapBaseMinAddress
#     to set the Java Heap base and to place the Java Heap above 4GB virtual address.
# This output file may be truncated or incomplete.
#
#  Out of Memory Error (virtualSpaceNode.cpp:110), pid=18244, tid=23028
#
# JRE version: Java(TM) SE Runtime Environment (19.0.2+7) (build 19.0.2+7-44)
# Java VM: Java HotSpot(TM) 64-Bit Server VM (19.0.2+7-44, mixed mode, tiered, compressed oops, compressed class ptrs, g1 gc, windows-amd64)
# No core dump will be written. Minidumps are not enabled by default on client versions of Windows
#

---------------  S U M M A R Y ------------

Command Line: -Dfile.encoding=UTF-8 --module-path=C:\Users\Asus\Documents\NetBeansProjects\BankManagmentSystem\build\classes bankmanagmentsystem.PinChange

Host: Intel(R) Core(TM) i5-8265U CPU @ 1.60GHz, 8 cores, 7G,  Windows 11 , 64 bit Build 22621 (10.0.22621.2506)
Time: Thu Dec  7 12:54:26 2023 India Standard Time elapsed time: 0.184780 seconds (0d 0h 0m 0s)

---------------  T H R E A D  ---------------

Current thread (0x000001294b265ec0):  JavaThread "main" [_thread_in_vm, id=23028, stack(0x00000024d8f00000,0x00000024d9000000)]

Stack: [0x00000024d8f00000,0x00000024d9000000]
Native frames: (J=compiled Java code, j=interpreted, Vv=VM code, C=native code)
V  [jvm.dll+0x6ee21a]
V  [jvm.dll+0x85765e]
V  [jvm.dll+0x85904e]
V  [jvm.dll+0x859703]
V  [jvm.dll+0x28298f]
V  [jvm.dll+0x8532db]
V  [jvm.dll+0x692cb6]
V  [jvm.dll+0x692d1a]
V  [jvm.dll+0x695613]
V  [jvm.dll+0x6954de]
V  [jvm.dll+0x6936de]
V  [jvm.dll+0x69dd07]
V  [jvm.dll+0x21e072]
V  [jvm.dll+0x21e5a5]
V  [jvm.dll+0x21ef01]
V  [jvm.dll+0x2146a1]
V  [jvm.dll+0x5a9cb6]
V  [jvm.dll+0x2257aa]
V  [jvm.dll+0x7cc802]
V  [jvm.dll+0x7cdc4a]
V  [jvm.dll+0x7cdf78]
V  [jvm.dll+0x271e1b]
V  [jvm.dll+0x3da25e]
C  0x000001295a72d17e

Java frames: (J=compiled Java code, j=interpreted, Vv=VM code)
j  jdk.internal.module.ServicesCatalog.addProviders(Ljava/lang/String;[Ljdk/internal/module/ServicesCatalog$ServiceProvider;)V+18 java.base@19.0.2
j  jdk.internal.module.ServicesCatalog.register(Ljava/lang/Module;)V+111 java.base@19.0.2
j  java.lang.Module.defineModules(Ljava/lang/module/Configuration;Ljava/util/function/Function;Ljava/lang/ModuleLayer;)Ljava/util/Map;+730 java.base@19.0.2
j  java.lang.ModuleLayer.<init>(Ljava/lang/module/Configuration;Ljava/util/List;Ljava/util/function/Function;)V+34 java.base@19.0.2
j  java.lang.ModuleLayer.defineModules(Ljava/lang/module/Configuration;Ljava/util/List;Ljava/util/function/Function;)Ljava/lang/ModuleLayer$Controller;+36 java.base@19.0.2
j  java.lang.ModuleLayer.defineModules(Ljava/lang/module/Configuration;Ljava/util/function/Function;)Ljava/lang/ModuleLayer;+6 java.base@19.0.2
j  jdk.internal.module.ModuleBootstrap.boot2()Ljava/lang/ModuleLayer;+1207 java.base@19.0.2
j  jdk.internal.module.ModuleBootstrap.boot()Ljava/lang/ModuleLayer;+64 java.base@19.0.2
j  java.lang.System.initPhase2(ZZ)I+0 java.base@19.0.2
v  ~StubRoutines::call_stub 0x000001295a70100e

---------------  P R O C E S S  ---------------

Threads class SMR info:
_java_thread_list=0x000001290426dfe0, length=12, elements={
0x000001294b265ec0, 0x00000129040a4430, 0x00000129040a4e60, 0x00000129040b1540,
0x00000129040b3f80, 0x000001290408cbf0, 0x000001290408f960, 0x00000129040911f0,
0x0000012904091b60, 0x000001290407dc90, 0x00000129696b4be0, 0x00000129042b15f0
}

Java Threads: ( => current thread )
=>0x000001294b265ec0 JavaThread "main" [_thread_in_vm, id=23028, stack(0x00000024d8f00000,0x00000024d9000000)]
  0x00000129040a4430 JavaThread "Reference Handler" daemon [_thread_blocked, id=9416, stack(0x00000024d9600000,0x00000024d9700000)]
  0x00000129040a4e60 JavaThread "Finalizer" daemon [_thread_blocked, id=24336, stack(0x00000024d9700000,0x00000024d9800000)]
  0x00000129040b1540 JavaThread "Signal Dispatcher" daemon [_thread_blocked, id=15664, stack(0x00000024d9800000,0x00000024d9900000)]
  0x00000129040b3f80 JavaThread "Attach Listener" daemon [_thread_blocked, id=328, stack(0x00000024d9900000,0x00000024d9a00000)]
  0x000001290408cbf0 JavaThread "Service Thread" daemon [_thread_blocked, id=24952, stack(0x00000024d9a00000,0x00000024d9b00000)]
  0x000001290408f960 JavaThread "Monitor Deflation Thread" daemon [_thread_blocked, id=23716, stack(0x00000024d9b00000,0x00000024d9c00000)]
  0x00000129040911f0 JavaThread "C2 CompilerThread0" daemon [_thread_blocked, id=24860, stack(0x00000024d9c00000,0x00000024d9d00000)]
  0x0000012904091b60 JavaThread "C1 CompilerThread0" daemon [_thread_blocked, id=2792, stack(0x00000024d9d00000,0x00000024d9e00000)]
  0x000001290407dc90 JavaThread "Sweeper thread" daemon [_thread_blocked, id=24064, stack(0x00000024d9e00000,0x00000024d9f00000)]
  0x00000129696b4be0 JavaThread "Common-Cleaner" daemon [_thread_blocked, id=24400, stack(0x00000024d9f00000,0x00000024da000000)]
  0x00000129042b15f0 JavaThread "C2 CompilerThread1" daemon [_thread_blocked, id=7104, stack(0x00000024da000000,0x00000024da100000)]

Other Threads:
  0x000001290403b4e0 VMThread "VM Thread" [stack: 0x00000024d9500000,0x00000024d9600000] [id=5072]
  0x000001294b2c7cf0 WorkerThread "GC Thread#0" [stack: 0x00000024d9000000,0x00000024d9100000] [id=26316]
  0x000001294b316010 ConcurrentGCThread "G1 Main Marker" [stack: 0x00000024d9100000,0x00000024d9200000] [id=24720]
  0x000001294b3171e0 WorkerThread "G1 Conc#0" [stack: 0x00000024d9200000,0x00000024d9300000] [id=25548]
  0x000001296957d4b0 ConcurrentGCThread "G1 Refine#0" [stack: 0x00000024d9300000,0x00000024d9400000] [id=19932]
  0x000001296957de90 ConcurrentGCThread "G1 Service" [stack: 0x00000024d9400000,0x00000024d9500000] [id=13492]

Threads with active compile tasks:

VM state: not at safepoint (normal execution)

VM Mutex/Monitor currently owned by a thread:  ([mutex/lock_event])
[0x000001294b260220] Metaspace_lock - owner thread: 0x000001294b265ec0

Heap address: 0x0000000082400000, size: 2012 MB, Compressed Oops mode: 32-bit

CDS archive(s) not mapped
Compressed class space mapped at: 0x0000000100000000-0x0000000140000000, reserved size: 1073741824
Narrow klass base: 0x0000000000000000, Narrow klass shift: 3, Narrow klass range: 0x140000000

GC Precious Log:
 CardTable entry size: 512
 Card Set container configuration: InlinePtr #cards 5 size 8 Array Of Cards #cards 12 size 40 Howl #buckets 4 coarsen threshold 1843 Howl Bitmap #cards 512 size 80 coarsen threshold 460 Card regions per heap region 1 cards per card region 2048
 CPUs: 8 total, 8 available
 Memory: 8043M
 Large Page Support: Disabled
 NUMA Support: Disabled
 Compressed Oops: Enabled (32-bit)
 Heap Region Size: 1M
 Heap Min Capacity: 8M
 Heap Initial Capacity: 126M
 Heap Max Capacity: 2012M
 Pre-touch: Disabled
 Parallel Workers: 8
 Concurrent Workers: 2
 Concurrent Refinement Workers: 8
 Periodic GC: Disabled

Heap:
 garbage-first heap   total 129024K, used 2048K [0x0000000082400000, 0x0000000100000000)
  region size 1024K, 3 young (3072K), 0 survivors (0K)
 Metaspace       used 6061K, committed 6144K, reserved 1114112K
  class space    used 490K, committed 512K, reserved 1048576K

Heap Regions: E=young(eden), S=young(survivor), O=old, HS=humongous(starts), HC=humongous(continues), CS=collection set, F=free, OA=open archive, CA=closed archive, TAMS=top-at-mark-start (previous, next)
|   0|0x0000000082400000, 0x0000000082400000, 0x0000000082500000|  0%| F|  |TAMS 0x0000000082400000, 0x0000000082400000| Untracked 
|   1|0x0000000082500000, 0x0000000082500000, 0x0000000082600000|  0%| F|  |TAMS 0x0000000082500000, 0x0000000082500000| Untracked 
|   2|0x0000000082600000, 0x0000000082600000, 0x0000000082700000|  0%| F|  |TAMS 0x0000000082600000, 0x0000000082600000| Untracked 
|   3|0x0000000082700000, 0x0000000082700000, 0x0000000082800000|  0%| F|  |TAMS 0x0000000082700000, 0x0000000082700000| Untracked 
|   4|0x0000000082800000, 0x0000000082800000, 0x0000000082900000|  0%| F|  |TAMS 0x0000000082800000, 0x0000000082800000| Untracked 
|   5|0x0000000082900000, 0x0000000082900000, 0x0000000082a00000|  0%| F|  |TAMS 0x0000000082900000, 0x0000000082900000| Untracked 
|   6|0x0000000082a00000, 0x0000000082a00000, 0x0000000082b00000|  0%| F|  |TAMS 0x0000000082a00000, 0x0000000082a00000| Untracked 
|   7|0x0000000082b00000, 0x0000000082b00000, 0x0000000082c00000|  0%| F|  |TAMS 0x0000000082b00000, 0x0000000082b00000| Untracked 
|   8|0x0000000082c00000, 0x0000000082c00000, 0x0000000082d00000|  0%| F|  |TAMS 0x0000000082c00000, 0x0000000082c00000| Untracked 
|   9|0x0000000082d00000, 0x0000000082d00000, 0x0000000082e00000|  0%| F|  |TAMS 0x0000000082d00000, 0x0000000082d00000| Untracked 
|  10|0x0000000082e00000, 0x0000000082e00000, 0x0000000082f00000|  0%| F|  |TAMS 0x0000000082e00000, 0x0000000082e00000| Untracked 
|  11|0x0000000082f00000, 0x0000000082f00000, 0x0000000083000000|  0%| F|  |TAMS 0x0000000082f00000, 0x0000000082f00000| Untracked 
|  12|0x0000000083000000, 0x0000000083000000, 0x0000000083100000|  0%| F|  |TAMS 0x0000000083000000, 0x0000000083000000| Untracked 
|  13|0x0000000083100000, 0x0000000083100000, 0x0000000083200000|  0%| F|  |TAMS 0x0000000083100000, 0x0000000083100000| Untracked 
|  14|0x0000000083200000, 0x0000000083200000, 0x0000000083300000|  0%| F|  |TAMS 0x0000000083200000, 0x0000000083200000| Untracked 
|  15|0x0000000083300000, 0x0000000083300000, 0x0000000083400000|  0%| F|  |TAMS 0x0000000083300000, 0x0000000083300000| Untracked 
|  16|0x0000000083400000, 0x0000000083400000, 0x0000000083500000|  0%| F|  |TAMS 0x0000000083400000, 0x0000000083400000| Untracked 
|  17|0x0000000083500000, 0x0000000083500000, 0x0000000083600000|  0%| F|  |TAMS 0x0000000083500000, 0x0000000083500000| Untracked 
|  18|0x0000000083600000, 0x0000000083600000, 0x0000000083700000|  0%| F|  |TAMS 0x0000000083600000, 0x0000000083600000| Untracked 
|  19|0x0000000083700000, 0x0000000083700000, 0x0000000083800000|  0%| F|  |TAMS 0x0000000083700000, 0x0000000083700000| Untracked 
|  20|0x0000000083800000, 0x0000000083800000, 0x0000000083900000|  0%| F|  |TAMS 0x0000000083800000, 0x0000000083800000| Untracked 
|  21|0x0000000083900000, 0x0000000083900000, 0x0000000083a00000|  0%| F|  |TAMS 0x0000000083900000, 0x0000000083900000| Untracked 
|  22|0x0000000083a00000, 0x0000000083a00000, 0x0000000083b00000|  0%| F|  |TAMS 0x0000000083a00000, 0x0000000083a00000| Untracked 
|  23|0x0000000083b00000, 0x0000000083b00000, 0x0000000083c00000|  0%| F|  |TAMS 0x0000000083b00000, 0x0000000083b00000| Untracked 
|  24|0x0000000083c00000, 0x0000000083c00000, 0x0000000083d00000|  0%| F|  |TAMS 0x0000000083c00000, 0x0000000083c00000| Untracked 
|  25|0x0000000083d00000, 0x0000000083d00000, 0x0000000083e00000|  0%| F|  |TAMS 0x0000000083d00000, 0x0000000083d00000| Untracked 
|  26|0x0000000083e00000, 0x0000000083e00000, 0x0000000083f00000|  0%| F|  |TAMS 0x0000000083e00000, 0x0000000083e00000| Untracked 
|  27|0x0000000083f00000, 0x0000000083f00000, 0x0000000084000000|  0%| F|  |TAMS 0x0000000083f00000, 0x0000000083f00000| Untracked 
|  28|0x0000000084000000, 0x0000000084000000, 0x0000000084100000|  0%| F|  |TAMS 0x0000000084000000, 0x0000000084000000| Untracked 
|  29|0x0000000084100000, 0x0000000084100000, 0x0000000084200000|  0%| F|  |TAMS 0x0000000084100000, 0x0000000084100000| Untracked 
|  30|0x0000000084200000, 0x0000000084200000, 0x0000000084300000|  0%| F|  |TAMS 0x0000000084200000, 0x0000000084200000| Untracked 
|  31|0x0000000084300000, 0x0000000084300000, 0x0000000084400000|  0%| F|  |TAMS 0x0000000084300000, 0x0000000084300000| Untracked 
|  32|0x0000000084400000, 0x0000000084400000, 0x0000000084500000|  0%| F|  |TAMS 0x0000000084400000, 0x0000000084400000| Untracked 
|  33|0x0000000084500000, 0x0000000084500000, 0x0000000084600000|  0%| F|  |TAMS 0x0000000084500000, 0x0000000084500000| Untracked 
|  34|0x0000000084600000, 0x0000000084600000, 0x0000000084700000|  0%| F|  |TAMS 0x0000000084600000, 0x0000000084600000| Untracked 
|  35|0x0000000084700000, 0x0000000084700000, 0x0000000084800000|  0%| F|  |TAMS 0x0000000084700000, 0x0000000084700000| Untracked 
|  36|0x0000000084800000, 0x0000000084800000, 0x0000000084900000|  0%| F|  |TAMS 0x0000000084800000, 0x0000000084800000| Untracked 
|  37|0x0000000084900000, 0x0000000084900000, 0x0000000084a00000|  0%| F|  |TAMS 0x0000000084900000, 0x0000000084900000| Untracked 
|  38|0x0000000084a00000, 0x0000000084a00000, 0x0000000084b00000|  0%| F|  |TAMS 0x0000000084a00000, 0x0000000084a00000| Untracked 
|  39|0x0000000084b00000, 0x0000000084b00000, 0x0000000084c00000|  0%| F|  |TAMS 0x0000000084b00000, 0x0000000084b00000| Untracked 
|  40|0x0000000084c00000, 0x0000000084c00000, 0x0000000084d00000|  0%| F|  |TAMS 0x0000000084c00000, 0x0000000084c00000| Untracked 
|  41|0x0000000084d00000, 0x0000000084d00000, 0x0000000084e00000|  0%| F|  |TAMS 0x0000000084d00000, 0x0000000084d00000| Untracked 
|  42|0x0000000084e00000, 0x0000000084e00000, 0x0000000084f00000|  0%| F|  |TAMS 0x0000000084e00000, 0x0000000084e00000| Untracked 
|  43|0x0000000084f00000, 0x0000000084f00000, 0x0000000085000000|  0%| F|  |TAMS 0x0000000084f00000, 0x0000000084f00000| Untracked 
|  44|0x0000000085000000, 0x0000000085000000, 0x0000000085100000|  0%| F|  |TAMS 0x0000000085000000, 0x0000000085000000| Untracked 
|  45|0x0000000085100000, 0x0000000085100000, 0x0000000085200000|  0%| F|  |TAMS 0x0000000085100000, 0x0000000085100000| Untracked 
|  46|0x0000000085200000, 0x0000000085200000, 0x0000000085300000|  0%| F|  |TAMS 0x0000000085200000, 0x0000000085200000| Untracked 
|  47|0x0000000085300000, 0x0000000085300000, 0x0000000085400000|  0%| F|  |TAMS 0x0000000085300000, 0x0000000085300000| Untracked 
|  48|0x0000000085400000, 0x0000000085400000, 0x0000000085500000|  0%| F|  |TAMS 0x0000000085400000, 0x0000000085400000| Untracked 
|  49|0x0000000085500000, 0x0000000085500000, 0x0000000085600000|  0%| F|  |TAMS 0x0000000085500000, 0x0000000085500000| Untracked 
|  50|0x0000000085600000, 0x0000000085600000, 0x0000000085700000|  0%| F|  |TAMS 0x0000000085600000, 0x0000000085600000| Untracked 
|  51|0x0000000085700000, 0x0000000085700000, 0x0000000085800000|  0%| F|  |TAMS 0x0000000085700000, 0x0000000085700000| Untracked 
|  52|0x0000000085800000, 0x0000000085800000, 0x0000000085900000|  0%| F|  |TAMS 0x0000000085800000, 0x0000000085800000| Untracked 
|  53|0x0000000085900000, 0x0000000085900000, 0x0000000085a00000|  0%| F|  |TAMS 0x0000000085900000, 0x0000000085900000| Untracked 
|  54|0x0000000085a00000, 0x0000000085a00000, 0x0000000085b00000|  0%| F|  |TAMS 0x0000000085a00000, 0x0000000085a00000| Untracked 
|  55|0x0000000085b00000, 0x0000000085b00000, 0x0000000085c00000|  0%| F|  |TAMS 0x0000000085b00000, 0x0000000085b00000| Untracked 
|  56|0x0000000085c00000, 0x0000000085c00000, 0x0000000085d00000|  0%| F|  |TAMS 0x0000000085c00000, 0x0000000085c00000| Untracked 
|  57|0x0000000085d00000, 0x0000000085d00000, 0x0000000085e00000|  0%| F|  |TAMS 0x0000000085d00000, 0x0000000085d00000| Untracked 
|  58|0x0000000085e00000, 0x0000000085e00000, 0x0000000085f00000|  0%| F|  |TAMS 0x0000000085e00000, 0x0000000085e00000| Untracked 
|  59|0x0000000085f00000, 0x0000000085f00000, 0x0000000086000000|  0%| F|  |TAMS 0x0000000085f00000, 0x0000000085f00000| Untracked 
|  60|0x0000000086000000, 0x0000000086000000, 0x0000000086100000|  0%| F|  |TAMS 0x0000000086000000, 0x0000000086000000| Untracked 
|  61|0x0000000086100000, 0x0000000086100000, 0x0000000086200000|  0%| F|  |TAMS 0x0000000086100000, 0x0000000086100000| Untracked 
|  62|0x0000000086200000, 0x0000000086200000, 0x0000000086300000|  0%| F|  |TAMS 0x0000000086200000, 0x0000000086200000| Untracked 
|  63|0x0000000086300000, 0x0000000086300000, 0x0000000086400000|  0%| F|  |TAMS 0x0000000086300000, 0x0000000086300000| Untracked 
|  64|0x0000000086400000, 0x0000000086400000, 0x0000000086500000|  0%| F|  |TAMS 0x0000000086400000, 0x0000000086400000| Untracked 
|  65|0x0000000086500000, 0x0000000086500000, 0x0000000086600000|  0%| F|  |TAMS 0x0000000086500000, 0x0000000086500000| Untracked 
|  66|0x0000000086600000, 0x0000000086600000, 0x0000000086700000|  0%| F|  |TAMS 0x0000000086600000, 0x0000000086600000| Untracked 
|  67|0x0000000086700000, 0x0000000086700000, 0x0000000086800000|  0%| F|  |TAMS 0x0000000086700000, 0x0000000086700000| Untracked 
|  68|0x0000000086800000, 0x0000000086800000, 0x0000000086900000|  0%| F|  |TAMS 0x0000000086800000, 0x0000000086800000| Untracked 
|  69|0x0000000086900000, 0x0000000086900000, 0x0000000086a00000|  0%| F|  |TAMS 0x0000000086900000, 0x0000000086900000| Untracked 
|  70|0x0000000086a00000, 0x0000000086a00000, 0x0000000086b00000|  0%| F|  |TAMS 0x0000000086a00000, 0x0000000086a00000| Untracked 
|  71|0x0000000086b00000, 0x0000000086b00000, 0x0000000086c00000|  0%| F|  |TAMS 0x0000000086b00000, 0x0000000086b00000| Untracked 
|  72|0x0000000086c00000, 0x0000000086c00000, 0x0000000086d00000|  0%| F|  |TAMS 0x0000000086c00000, 0x0000000086c00000| Untracked 
|  73|0x0000000086d00000, 0x0000000086d00000, 0x0000000086e00000|  0%| F|  |TAMS 0x0000000086d00000, 0x0000000086d00000| Untracked 
|  74|0x0000000086e00000, 0x0000000086e00000, 0x0000000086f00000|  0%| F|  |TAMS 0x0000000086e00000, 0x0000000086e00000| Untracked 
|  75|0x0000000086f00000, 0x0000000086f00000, 0x0000000087000000|  0%| F|  |TAMS 0x0000000086f00000, 0x0000000086f00000| Untracked 
|  76|0x0000000087000000, 0x0000000087000000, 0x0000000087100000|  0%| F|  |TAMS 0x0000000087000000, 0x0000000087000000| Untracked 
|  77|0x0000000087100000, 0x0000000087100000, 0x0000000087200000|  0%| F|  |TAMS 0x0000000087100000, 0x0000000087100000| Untracked 
|  78|0x0000000087200000, 0x0000000087200000, 0x0000000087300000|  0%| F|  |TAMS 0x0000000087200000, 0x0000000087200000| Untracked 
|  79|0x0000000087300000, 0x0000000087300000, 0x0000000087400000|  0%| F|  |TAMS 0x0000000087300000, 0x0000000087300000| Untracked 
|  80|0x0000000087400000, 0x0000000087400000, 0x0000000087500000|  0%| F|  |TAMS 0x0000000087400000, 0x0000000087400000| Untracked 
|  81|0x0000000087500000, 0x0000000087500000, 0x0000000087600000|  0%| F|  |TAMS 0x0000000087500000, 0x0000000087500000| Untracked 
|  82|0x0000000087600000, 0x0000000087600000, 0x0000000087700000|  0%| F|  |TAMS 0x0000000087600000, 0x0000000087600000| Untracked 
|  83|0x0000000087700000, 0x0000000087700000, 0x0000000087800000|  0%| F|  |TAMS 0x0000000087700000, 0x0000000087700000| Untracked 
|  84|0x0000000087800000, 0x0000000087800000, 0x0000000087900000|  0%| F|  |TAMS 0x0000000087800000, 0x0000000087800000| Untracked 
|  85|0x0000000087900000, 0x0000000087900000, 0x0000000087a00000|  0%| F|  |TAMS 0x0000000087900000, 0x0000000087900000| Untracked 
|  86|0x0000000087a00000, 0x0000000087a00000, 0x0000000087b00000|  0%| F|  |TAMS 0x0000000087a00000, 0x0000000087a00000| Untracked 
|  87|0x0000000087b00000, 0x0000000087b00000, 0x0000000087c00000|  0%| F|  |TAMS 0x0000000087b00000, 0x0000000087b00000| Untracked 
|  88|0x0000000087c00000, 0x0000000087c00000, 0x0000000087d00000|  0%| F|  |TAMS 0x0000000087c00000, 0x0000000087c00000| Untracked 
|  89|0x0000000087d00000, 0x0000000087d00000, 0x0000000087e00000|  0%| F|  |TAMS 0x0000000087d00000, 0x0000000087d00000| Untracked 
|  90|0x0000000087e00000, 0x0000000087e00000, 0x0000000087f00000|  0%| F|  |TAMS 0x0000000087e00000, 0x0000000087e00000| Untracked 
|  91|0x0000000087f00000, 0x0000000087f00000, 0x0000000088000000|  0%| F|  |TAMS 0x0000000087f00000, 0x0000000087f00000| Untracked 
|  92|0x0000000088000000, 0x0000000088000000, 0x0000000088100000|  0%| F|  |TAMS 0x0000000088000000, 0x0000000088000000| Untracked 
|  93|0x0000000088100000, 0x0000000088100000, 0x0000000088200000|  0%| F|  |TAMS 0x0000000088100000, 0x0000000088100000| Untracked 
|  94|0x0000000088200000, 0x0000000088200000, 0x0000000088300000|  0%| F|  |TAMS 0x0000000088200000, 0x0000000088200000| Untracked 
|  95|0x0000000088300000, 0x0000000088300000, 0x0000000088400000|  0%| F|  |TAMS 0x0000000088300000, 0x0000000088300000| Untracked 
|  96|0x0000000088400000, 0x0000000088400000, 0x0000000088500000|  0%| F|  |TAMS 0x0000000088400000, 0x0000000088400000| Untracked 
|  97|0x0000000088500000, 0x0000000088500000, 0x0000000088600000|  0%| F|  |TAMS 0x0000000088500000, 0x0000000088500000| Untracked 
|  98|0x0000000088600000, 0x0000000088600000, 0x0000000088700000|  0%| F|  |TAMS 0x0000000088600000, 0x0000000088600000| Untracked 
|  99|0x0000000088700000, 0x0000000088700000, 0x0000000088800000|  0%| F|  |TAMS 0x0000000088700000, 0x0000000088700000| Untracked 
| 100|0x0000000088800000, 0x0000000088800000, 0x0000000088900000|  0%| F|  |TAMS 0x0000000088800000, 0x0000000088800000| Untracked 
| 101|0x0000000088900000, 0x0000000088900000, 0x0000000088a00000|  0%| F|  |TAMS 0x0000000088900000, 0x0000000088900000| Untracked 
| 102|0x0000000088a00000, 0x0000000088a00000, 0x0000000088b00000|  0%| F|  |TAMS 0x0000000088a00000, 0x0000000088a00000| Untracked 
| 103|0x0000000088b00000, 0x0000000088b00000, 0x0000000088c00000|  0%| F|  |TAMS 0x0000000088b00000, 0x0000000088b00000| Untracked 
| 104|0x0000000088c00000, 0x0000000088c00000, 0x0000000088d00000|  0%| F|  |TAMS 0x0000000088c00000, 0x0000000088c00000| Untracked 
| 105|0x0000000088d00000, 0x0000000088d00000, 0x0000000088e00000|  0%| F|  |TAMS 0x0000000088d00000, 0x0000000088d00000| Untracked 
| 106|0x0000000088e00000, 0x0000000088e00000, 0x0000000088f00000|  0%| F|  |TAMS 0x0000000088e00000, 0x0000000088e00000| Untracked 
| 107|0x0000000088f00000, 0x0000000088f00000, 0x0000000089000000|  0%| F|  |TAMS 0x0000000088f00000, 0x0000000088f00000| Untracked 
| 108|0x0000000089000000, 0x0000000089000000, 0x0000000089100000|  0%| F|  |TAMS 0x0000000089000000, 0x0000000089000000| Untracked 
| 109|0x0000000089100000, 0x0000000089100000, 0x0000000089200000|  0%| F|  |TAMS 0x0000000089100000, 0x0000000089100000| Untracked 
| 110|0x0000000089200000, 0x0000000089200000, 0x0000000089300000|  0%| F|  |TAMS 0x0000000089200000, 0x0000000089200000| Untracked 
| 111|0x0000000089300000, 0x0000000089300000, 0x0000000089400000|  0%| F|  |TAMS 0x0000000089300000, 0x0000000089300000| Untracked 
| 112|0x0000000089400000, 0x0000000089400000, 0x0000000089500000|  0%| F|  |TAMS 0x0000000089400000, 0x0000000089400000| Untracked 
| 113|0x0000000089500000, 0x0000000089500000, 0x0000000089600000|  0%| F|  |TAMS 0x0000000089500000, 0x0000000089500000| Untracked 
| 114|0x0000000089600000, 0x0000000089600000, 0x0000000089700000|  0%| F|  |TAMS 0x0000000089600000, 0x0000000089600000| Untracked 
| 115|0x0000000089700000, 0x0000000089700000, 0x0000000089800000|  0%| F|  |TAMS 0x0000000089700000, 0x0000000089700000| Untracked 
| 116|0x0000000089800000, 0x0000000089800000, 0x0000000089900000|  0%| F|  |TAMS 0x0000000089800000, 0x0000000089800000| Untracked 
| 117|0x0000000089900000, 0x0000000089900000, 0x0000000089a00000|  0%| F|  |TAMS 0x0000000089900000, 0x0000000089900000| Untracked 
| 118|0x0000000089a00000, 0x0000000089a00000, 0x0000000089b00000|  0%| F|  |TAMS 0x0000000089a00000, 0x0000000089a00000| Untracked 
| 119|0x0000000089b00000, 0x0000000089b00000, 0x0000000089c00000|  0%| F|  |TAMS 0x0000000089b00000, 0x0000000089b00000| Untracked 
| 120|0x0000000089c00000, 0x0000000089c00000, 0x0000000089d00000|  0%| F|  |TAMS 0x0000000089c00000, 0x0000000089c00000| Untracked 
| 121|0x0000000089d00000, 0x0000000089d00000, 0x0000000089e00000|  0%| F|  |TAMS 0x0000000089d00000, 0x0000000089d00000| Untracked 
| 122|0x0000000089e00000, 0x0000000089e00000, 0x0000000089f00000|  0%| F|  |TAMS 0x0000000089e00000, 0x0000000089e00000| Untracked 
| 123|0x0000000089f00000, 0x0000000089f76448, 0x000000008a000000| 46%| E|  |TAMS 0x0000000089f00000, 0x0000000089f00000| Complete 
| 124|0x000000008a000000, 0x000000008a100000, 0x000000008a100000|100%| E|CS|TAMS 0x000000008a000000, 0x000000008a000000| Complete 
| 125|0x000000008a100000, 0x000000008a200000, 0x000000008a200000|100%| E|CS|TAMS 0x000000008a100000, 0x000000008a100000| Complete 

Card table byte_map: [0x00000129628f0000,0x0000012962ce0000] _byte_map_base: 0x00000129624de000

Marking Bits (Prev, Next): (CMBitMap*) 0x000001294b2c8330, (CMBitMap*) 0x000001294b2c8370
 Prev Bits: [0x00000129630d0000, 0x0000012965040000)
 Next Bits: [0x0000012965040000, 0x0000012966fb0000)

Polling page: 0x000001294aa30000

Metaspace:

Usage:
  Non-class:      5.44 MB used.
      Class:    490.66 KB used.
       Both:      5.92 MB used.

Virtual space:
  Non-class space:       64.00 MB reserved,       5.50 MB (  9%) committed,  1 nodes.
      Class space:        1.00 GB reserved,     512.00 KB ( <1%) committed,  1 nodes.
             Both:        1.06 GB reserved,       6.00 MB ( <1%) committed. 

Chunk freelists:
   Non-Class:  2.50 MB
       Class:  3.51 MB
        Both:  6.01 MB

MaxMetaspaceSize: unlimited
CompressedClassSpaceSize: 1.00 GB
Initial GC threshold: 21.00 MB
Current GC threshold: 21.00 MB
CDS: off
MetaspaceReclaimPolicy: balanced
 - commit_granule_bytes: 65536.
 - commit_granule_words: 8192.
 - virtual_space_node_default_size: 8388608.
 - enlarge_chunks_in_place: 1.
 - new_chunks_are_fully_committed: 0.
 - uncommit_free_chunks: 1.
 - use_allocation_guard: 0.


Internal statistics:

num_allocs_failed_limit: 0.
num_arena_births: 6.
num_arena_deaths: 0.
num_vsnodes_births: 2.
num_vsnodes_deaths: 0.
num_space_committed: 96.
num_space_uncommitted: 0.
num_chunks_returned_to_freelist: 0.
num_chunks_taken_from_freelist: 13.
num_chunk_merges: 0.
num_chunk_splits: 5.
num_chunks_enlarged: 2.
num_inconsistent_stats: 0.

CodeHeap 'non-profiled nmethods': size=120000Kb used=67Kb max_used=67Kb free=119933Kb
 bounds [0x000001295aca0000, 0x000001295af10000, 0x00000129621d0000]
CodeHeap 'profiled nmethods': size=120000Kb used=200Kb max_used=200Kb free=119799Kb
 bounds [0x00000129531d0000, 0x0000012953440000, 0x000001295a700000]
CodeHeap 'non-nmethods': size=5760Kb used=1183Kb max_used=1211Kb free=4577Kb
 bounds [0x000001295a700000, 0x000001295a970000, 0x000001295aca0000]
 total_blobs=570 nmethods=195 adapters=286
 compilation: enabled
              stopped_count=0, restarted_count=0
 full_count=0

Compilation events (20 events):
Event: 0.182 Thread 0x0000012904091b60 nmethod 187 0x0000012953200810 code [0x00000129532009c0, 0x0000012953200b98]
Event: 0.182 Thread 0x0000012904091b60  190       3       java.util.AbstractSet::<init> (5 bytes)
Event: 0.182 Thread 0x0000012904091b60 nmethod 190 0x0000012953200c90 code [0x0000012953200e40, 0x0000012953200ff8]
Event: 0.182 Thread 0x0000012904091b60  188       3       java.util.ImmutableCollections$Set12::iterator (9 bytes)
Event: 0.182 Thread 0x0000012904091b60 nmethod 188 0x0000012953201110 code [0x00000129532012c0, 0x0000012953201598]
Event: 0.182 Thread 0x0000012904091b60  189       3       java.util.ImmutableCollections$Set12$1::<init> (32 bytes)
Event: 0.183 Thread 0x0000012904091b60 nmethod 189 0x0000012953201690 code [0x0000012953201840, 0x0000012953201a78]
Event: 0.183 Thread 0x0000012904091b60  191       3       java.util.HashSet::<init> (16 bytes)
Event: 0.183 Thread 0x0000012904091b60 nmethod 191 0x0000012953201b90 code [0x0000012953201d60, 0x0000012953202158]
Event: 0.183 Thread 0x0000012904091b60  193       1       java.lang.module.ResolvedModule::configuration (5 bytes)
Event: 0.183 Thread 0x00000129040911f0 nmethod 186 0x000001295acae390 code [0x000001295acae520, 0x000001295acae638]
Event: 0.183 Thread 0x0000012904091b60 nmethod 193 0x000001295acae710 code [0x000001295acae8a0, 0x000001295acae958]
Event: 0.183 Thread 0x0000012904091b60  192       1       java.lang.module.ModuleDescriptor::isOpen (5 bytes)
Event: 0.183 Thread 0x0000012904091b60 nmethod 192 0x000001295acaea10 code [0x000001295acaeba0, 0x000001295acaec78]
Event: 0.183 Thread 0x0000012904091b60  183       1       java.lang.module.ModuleDescriptor$Version::toString (5 bytes)
Event: 0.183 Thread 0x0000012904091b60 nmethod 183 0x000001295acaed10 code [0x000001295acaeea0, 0x000001295acaef58]
Event: 0.183 Thread 0x0000012904091b60  194       1       java.util.HashMap::size (5 bytes)
Event: 0.183 Thread 0x0000012904091b60 nmethod 194 0x000001295acaf010 code [0x000001295acaf1a0, 0x000001295acaf258]
Event: 0.183 Thread 0x0000012904091b60  195       1       java.lang.module.ModuleDescriptor$Provides::service (5 bytes)
Event: 0.183 Thread 0x0000012904091b60 nmethod 195 0x000001295acaf310 code [0x000001295acaf4a0, 0x000001295acaf558]

GC Heap History (0 events):
No events

Dll operation events (4 events):
Event: 0.009 Loaded shared library C:\Program Files\Java\jdk-19\bin\java.dll
Event: 0.059 Loaded shared library C:\Program Files\Java\jdk-19\bin\jsvml.dll
Event: 0.162 Loaded shared library C:\Program Files\Java\jdk-19\bin\net.dll
Event: 0.164 Loaded shared library C:\Program Files\Java\jdk-19\bin\nio.dll

Deoptimization events (0 events):
No events

Classes loaded (20 events):
Event: 0.169 Loading class java/util/Collections$UnmodifiableCollection$1 done
Event: 0.169 Loading class java/lang/ModuleLayer
Event: 0.169 Loading class java/lang/ModuleLayer done
Event: 0.169 Loading class java/util/LinkedHashSet
Event: 0.169 Loading class java/util/LinkedHashSet done
Event: 0.170 Loading class java/util/LinkedHashMap
Event: 0.170 Loading class java/util/LinkedHashMap done
Event: 0.171 Loading class java/lang/module/ResolvedModule
Event: 0.171 Loading class java/lang/module/ResolvedModule done
Event: 0.177 Loading class jdk/internal/module/ModuleLoaderMap
Event: 0.177 Loading class jdk/internal/module/ModuleLoaderMap done
Event: 0.177 Loading class jdk/internal/module/ModuleLoaderMap$Mapper
Event: 0.177 Loading class jdk/internal/module/ModuleLoaderMap$Mapper done
Event: 0.178 Loading class jdk/internal/module/ModuleLoaderMap$Modules
Event: 0.178 Loading class jdk/internal/module/ModuleLoaderMap$Modules done
Event: 0.182 Loading class jdk/internal/loader/AbstractClassLoaderValue$Memoizer
Event: 0.182 Loading class jdk/internal/loader/AbstractClassLoaderValue$Memoizer done
Event: 0.183 Loading class jdk/internal/module/ServicesCatalog$ServiceProvider
Event: 0.183 Loading class jdk/internal/module/ServicesCatalog$ServiceProvider done
Event: 0.183 Loading class java/util/concurrent/CopyOnWriteArrayList

Classes unloaded (0 events):
No events

Classes redefined (0 events):
No events

Internal exceptions (4 events):
Event: 0.166 Thread 0x000001294b265ec0 Exception <a 'sun/nio/fs/WindowsException'{0x000000008a060068}> (0x000000008a060068) 
thrown [s\open\src\hotspot\share\prims\jni.cpp, line 517]
Event: 0.167 Thread 0x000001294b265ec0 Exception <a 'sun/nio/fs/WindowsException'{0x000000008a0605c8}> (0x000000008a0605c8) 
thrown [s\open\src\hotspot\share\prims\jni.cpp, line 517]
Event: 0.168 Thread 0x000001294b265ec0 Exception <a 'sun/nio/fs/WindowsException'{0x000000008a062a38}> (0x000000008a062a38) 
thrown [s\open\src\hotspot\share\prims\jni.cpp, line 517]
Event: 0.168 Thread 0x000001294b265ec0 Exception <a 'sun/nio/fs/WindowsException'{0x000000008a063508}> (0x000000008a063508) 
thrown [s\open\src\hotspot\share\prims\jni.cpp, line 517]

VM Operations (2 events):
Event: 0.170 Executing VM operation: HandshakeAllThreads
Event: 0.170 Executing VM operation: HandshakeAllThreads done

Events (12 events):
Event: 0.059 Thread 0x000001294b265ec0 Thread added: 0x000001294b265ec0
Event: 0.081 Thread 0x00000129040a4430 Thread added: 0x00000129040a4430
Event: 0.082 Thread 0x00000129040a4e60 Thread added: 0x00000129040a4e60
Event: 0.082 Thread 0x00000129040b1540 Thread added: 0x00000129040b1540
Event: 0.083 Thread 0x00000129040b3f80 Thread added: 0x00000129040b3f80
Event: 0.083 Thread 0x000001290408cbf0 Thread added: 0x000001290408cbf0
Event: 0.083 Thread 0x000001290408f960 Thread added: 0x000001290408f960
Event: 0.083 Thread 0x00000129040911f0 Thread added: 0x00000129040911f0
Event: 0.083 Thread 0x0000012904091b60 Thread added: 0x0000012904091b60
Event: 0.083 Thread 0x000001290407dc90 Thread added: 0x000001290407dc90
Event: 0.125 Thread 0x00000129696b4be0 Thread added: 0x00000129696b4be0
Event: 0.177 Thread 0x00000129042b15f0 Thread added: 0x00000129042b15f0


Dynamic libraries:
0x00007ff73cd20000 - 0x00007ff73cd30000 	C:\Program Files\Java\jdk-19\bin\java.exe
0x00007ff8453d0000 - 0x00007ff8455e7000 	C:\WINDOWS\SYSTEM32\ntdll.dll
0x00007ff843d90000 - 0x00007ff843e54000 	C:\WINDOWS\System32\KERNEL32.DLL
0x00007ff842740000 - 0x00007ff842ae5000 	C:\WINDOWS\System32\KERNELBASE.dll
0x00007ff843000000 - 0x00007ff843111000 	C:\WINDOWS\System32\ucrtbase.dll
0x00007ff82b1a0000 - 0x00007ff82b1b8000 	C:\Program Files\Java\jdk-19\bin\jli.dll
0x00007ff843e60000 - 0x00007ff843f11000 	C:\WINDOWS\System32\ADVAPI32.dll
0x00007ff843b80000 - 0x00007ff843c27000 	C:\WINDOWS\System32\msvcrt.dll
0x00007ff839b00000 - 0x00007ff839b1b000 	C:\Program Files\Java\jdk-19\bin\VCRUNTIME140.dll
0x00007ff843120000 - 0x00007ff8431c6000 	C:\WINDOWS\System32\sechost.dll
0x00007ff8441e0000 - 0x00007ff8442f7000 	C:\WINDOWS\System32\RPCRT4.dll
0x00007ff844030000 - 0x00007ff8441de000 	C:\WINDOWS\System32\USER32.dll
0x00007ff842fd0000 - 0x00007ff842ff6000 	C:\WINDOWS\System32\win32u.dll
0x00007ff8435b0000 - 0x00007ff8435d9000 	C:\WINDOWS\System32\GDI32.dll
0x00007ff8344b0000 - 0x00007ff834743000 	C:\WINDOWS\WinSxS\amd64_microsoft.windows.common-controls_6595b64144ccf1df_6.0.22621.2506_none_270c5ae97388e100\COMCTL32.dll
0x00007ff842c60000 - 0x00007ff842d79000 	C:\WINDOWS\System32\gdi32full.dll
0x00007ff842f30000 - 0x00007ff842fca000 	C:\WINDOWS\System32\msvcp_win.dll
0x00007ff834d60000 - 0x00007ff834d6a000 	C:\WINDOWS\SYSTEM32\VERSION.dll
0x00007ff843600000 - 0x00007ff843631000 	C:\WINDOWS\System32\IMM32.DLL
0x00007ff83ab20000 - 0x00007ff83ab2c000 	C:\Program Files\Java\jdk-19\bin\vcruntime140_1.dll
0x00007ff814700000 - 0x00007ff81478e000 	C:\Program Files\Java\jdk-19\bin\msvcp140.dll
0x00007fffe7bc0000 - 0x00007fffe8880000 	C:\Program Files\Java\jdk-19\bin\server\jvm.dll
0x00007ff82d2c0000 - 0x00007ff82d2c9000 	C:\WINDOWS\SYSTEM32\WSOCK32.dll
0x00007ff843d10000 - 0x00007ff843d81000 	C:\WINDOWS\System32\WS2_32.dll
0x00007ff838bb0000 - 0x00007ff838be4000 	C:\WINDOWS\SYSTEM32\WINMM.dll
0x00007ff841740000 - 0x00007ff841758000 	C:\WINDOWS\SYSTEM32\kernel.appcore.dll
0x00007ff839820000 - 0x00007ff83982a000 	C:\Program Files\Java\jdk-19\bin\jimage.dll
0x00007ff83cff0000 - 0x00007ff83d223000 	C:\WINDOWS\SYSTEM32\DBGHELP.DLL
0x00007ff843650000 - 0x00007ff8439d9000 	C:\WINDOWS\System32\combase.dll
0x00007ff843c30000 - 0x00007ff843d07000 	C:\WINDOWS\System32\OLEAUT32.dll
0x00007ff8272e0000 - 0x00007ff827312000 	C:\WINDOWS\SYSTEM32\dbgcore.DLL
0x00007ff842df0000 - 0x00007ff842e6a000 	C:\WINDOWS\System32\bcryptPrimitives.dll
0x00007ff8396f0000 - 0x00007ff839716000 	C:\Program Files\Java\jdk-19\bin\java.dll
0x00007ff82b1e0000 - 0x00007ff82b2b7000 	C:\Program Files\Java\jdk-19\bin\jsvml.dll
0x00007ff844b30000 - 0x00007ff845389000 	C:\WINDOWS\System32\SHELL32.dll
0x00007ff840660000 - 0x00007ff840f54000 	C:\WINDOWS\SYSTEM32\windows.storage.dll
0x00007ff840520000 - 0x00007ff84065e000 	C:\WINDOWS\SYSTEM32\wintypes.dll
0x00007ff8439f0000 - 0x00007ff843ae3000 	C:\WINDOWS\System32\SHCORE.dll
0x00007ff844300000 - 0x00007ff84435e000 	C:\WINDOWS\System32\shlwapi.dll
0x00007ff842670000 - 0x00007ff842696000 	C:\WINDOWS\SYSTEM32\profapi.dll
0x00007ff82f140000 - 0x00007ff82f153000 	C:\Program Files\Java\jdk-19\bin\net.dll
0x00007ff838e10000 - 0x00007ff838f47000 	C:\WINDOWS\SYSTEM32\WINHTTP.dll
0x00007ff841bc0000 - 0x00007ff841c29000 	C:\WINDOWS\system32\mswsock.dll
0x00007ff82d7b0000 - 0x00007ff82d7c6000 	C:\Program Files\Java\jdk-19\bin\nio.dll

dbghelp: loaded successfully - version: 4.0.5 - missing functions: none
symbol engine: initialized successfully - sym options: 0x614 - pdb path: .;C:\Program Files\Java\jdk-19\bin;C:\WINDOWS\SYSTEM32;C:\WINDOWS\WinSxS\amd64_microsoft.windows.common-controls_6595b64144ccf1df_6.0.22621.2506_none_270c5ae97388e100;C:\Program Files\Java\jdk-19\bin\server

VM Arguments:
jvm_args: -Dfile.encoding=UTF-8 --module-path=C:\Users\Asus\Documents\NetBeansProjects\BankManagmentSystem\build\classes 
java_command: bankmanagmentsystem.PinChange
java_class_path (initial): C:\Users\Asus\Desktop\Java Project\jcalendar-tz-1.3.3-4.jar;C:\Users\Asus\Desktop\Java Project\mysql-connector-java-8.0.28.jar-20231201T180212Z-001.zip;C:\Users\Asus\Downloads\mysql-connector-j-8.2.0;C:\Users\Asus\Downloads\mysql-connector-j-8.2.0\mysql-connector-j-8.2.0\mysql-connector-j-8.2.0.jar;C:\Users\Asus\Documents\NetBeansProjects\BankManagmentSystem\build\classes
Launcher Type: SUN_STANDARD

[Global flags]
     intx CICompilerCount                          = 4                                         {product} {ergonomic}
     uint ConcGCThreads                            = 2                                         {product} {ergonomic}
     uint G1ConcRefinementThreads                  = 8                                         {product} {ergonomic}
   size_t G1HeapRegionSize                         = 1048576                                   {product} {ergonomic}
    uintx GCDrainStackTargetSize                   = 64                                        {product} {ergonomic}
   size_t InitialHeapSize                          = 132120576                                 {product} {ergonomic}
   size_t MarkStackSize                            = 4194304                                   {product} {ergonomic}
   size_t MaxHeapSize                              = 2109734912                                {product} {ergonomic}
   size_t MaxNewSize                               = 1265631232                                {product} {ergonomic}
   size_t MinHeapDeltaBytes                        = 1048576                                   {product} {ergonomic}
   size_t MinHeapSize                              = 8388608                                   {product} {ergonomic}
    uintx NonNMethodCodeHeapSize                   = 5839372                                {pd product} {ergonomic}
    uintx NonProfiledCodeHeapSize                  = 122909434                              {pd product} {ergonomic}
    uintx ProfiledCodeHeapSize                     = 122909434                              {pd product} {ergonomic}
    uintx ReservedCodeCacheSize                    = 251658240                              {pd product} {ergonomic}
     bool SegmentedCodeCache                       = true                                      {product} {ergonomic}
   size_t SoftMaxHeapSize                          = 2109734912                             {manageable} {ergonomic}
     bool UseCompressedClassPointers               = true                           {product lp64_product} {ergonomic}
     bool UseCompressedOops                        = true                           {product lp64_product} {ergonomic}
     bool UseG1GC                                  = true                                      {product} {ergonomic}
     bool UseLargePagesIndividualAllocation        = false                                  {pd product} {ergonomic}

Logging:
Log output configuration:
 #0: stdout all=warning uptime,level,tags foldmultilines=false
 #1: stderr all=off uptime,level,tags foldmultilines=false

Environment Variables:
JAVA_HOME=C:\Program Files\Java\jdk-19\bin
PATH=C:\oraclexe\app\oracle\product\10.2.0\server\bin;C:\Program Files\Common Files\Oracle\Java\javapath;C:\WINDOWS\system32;C:\WINDOWS;C:\WINDOWS\System32\Wbem;C:\WINDOWS\System32\WindowsPowerShell\v1.0\;C:\WINDOWS\System32\OpenSSH\;C:\Program Files\Intel\WiFi\bin\;C:\Program Files\Common Files\Intel\WirelessCommon\;C:\Program Files\kotlinc\bin;C:\Program Files\Java\jdk1.8.0_291\bin;C:\MinGW\bin;C:\Program Files\Java\jdk1.8.0_202\bin;C:\Program Files\Java\jdk-19\bin;C:\Users\Asus\anaconda3;C:\Users\Asus\anaconda3\Library\mingw-w64\bin;C:\Users\Asus\anaconda3\Library\usr\bin;C:\Users\Asus\anaconda3\Library\bin;C:\Users\Asus\anaconda3\Scripts;C:\Users\Asus\AppData\Local\Microsoft\WindowsApps;C:\Program Files\Java\jdk1.8.0_291\bin;C:\Users\Asus\AppData\Local\Programs\Microsoft VS Code\bin;C:\Program Files (x86)\Brackets\;C:\Users\Asus\AppData\Local\GitHubDesktop\bin
USERNAME=Asus
OS=Windows_NT
PROCESSOR_IDENTIFIER=Intel64 Family 6 Model 142 Stepping 12, GenuineIntel
TMP=C:\Users\Asus\AppData\Local\Temp
TEMP=C:\Users\Asus\AppData\Local\Temp



---------------  S Y S T E M  ---------------

OS:
 Windows 11 , 64 bit Build 22621 (10.0.22621.2506)
OS uptime: 1 days 14:55 hours

CPU: total 8 (initial active 8) (4 cores per cpu, 2 threads per core) family 6 model 142 stepping 12 microcode 0xde, cx8, cmov, fxsr, ht, mmx, 3dnowpref, sse, sse2, sse3, ssse3, sse4.1, sse4.2, popcnt, lzcnt, tsc, tscinvbit, avx, avx2, aes, erms, clmul, bmi1, bmi2, adx, fma, vzeroupper, clflush, clflushopt, rdtscp

Memory: 4k page, system-wide physical 8043M (618M free)
TotalPageFile size 32619M (AvailPageFile size 4M)
current process WorkingSet (physical memory assigned to process): 32M, peak: 32M
current process commit charge ("private bytes"): 204M, peak: 204M

vm_info: Java HotSpot(TM) 64-Bit Server VM (19.0.2+7-44) for windows-amd64 JRE (19.0.2+7-44), built on 2022-11-30T18:02:09Z by "mach5one" with MS VC++ 17.1 (VS2022)

END.
