#
# There is insufficient memory for the Java Runtime Environment to continue.
# Native memory allocation (malloc) failed to allocate 902368 bytes for Chunk::new
# Possible reasons:
#   The system is out of physical RAM or swap space
#   The process is running with CompressedOops enabled, and the Java Heap may be blocking the growth of the native heap
# Possible solutions:
#   Reduce memory load on the system
#   Increase physical memory or swap space
#   Check if swap backing store is full
#   Decrease Java heap size (-Xmx/-Xms)
#   Decrease number of Java threads
#   Decrease Java thread stack sizes (-Xss)
#   Set larger code cache with -XX:ReservedCodeCacheSize=
#   JVM is running with Unscaled Compressed Oops mode in which the Java heap is
#     placed in the first 4GB address space. The Java Heap base address is the
#     maximum limit for the native heap growth. Please use -XX:HeapBaseMinAddress
#     to set the Java Heap base and to place the Java Heap above 4GB virtual address.
# This output file may be truncated or incomplete.
#
#  Out of Memory Error (arena.cpp:184), pid=20824, tid=28276
#
# JRE version: Java(TM) SE Runtime Environment (19.0.2+7) (build 19.0.2+7-44)
# Java VM: Java HotSpot(TM) 64-Bit Server VM (19.0.2+7-44, mixed mode, sharing, tiered, compressed oops, compressed class ptrs, g1 gc, windows-amd64)
# No core dump will be written. Minidumps are not enabled by default on client versions of Windows
#

---------------  S U M M A R Y ------------

Command Line: -Dfile.encoding=UTF-8 --module-path=C:\Users\Asus\Documents\NetBeansProjects\BankManagmentSystem\build\classes bankmanagmentsystem.PinChange

Host: Intel(R) Core(TM) i5-8265U CPU @ 1.60GHz, 8 cores, 7G,  Windows 11 , 64 bit Build 22621 (10.0.22621.2506)
Time: Thu Dec  7 12:58:36 2023 India Standard Time elapsed time: 0.926265 seconds (0d 0h 0m 0s)

---------------  T H R E A D  ---------------

Current thread (0x000002ba7588d5b0):  JavaThread "C2 CompilerThread0" daemon [_thread_in_native, id=28276, stack(0x000000ecae200000,0x000000ecae300000)]


Current CompileTask:
C2:    926 1221   !   4       sun.font.TrueTypeFont::getTableBuffer (215 bytes)

Stack: [0x000000ecae200000,0x000000ecae300000]
Native frames: (J=compiled Java code, j=interpreted, Vv=VM code, C=native code)
V  [jvm.dll+0x6ee21a]
V  [jvm.dll+0x85765e]
V  [jvm.dll+0x85904e]
V  [jvm.dll+0x859703]
V  [jvm.dll+0x28298f]
V  [jvm.dll+0xc9adf]
V  [jvm.dll+0xc9e65]
V  [jvm.dll+0x3bca4c]
V  [jvm.dll+0x3860e1]
V  [jvm.dll+0x38555a]
V  [jvm.dll+0x24c3d9]
V  [jvm.dll+0x24b781]
V  [jvm.dll+0x1d6ce1]
V  [jvm.dll+0x25b25a]
V  [jvm.dll+0x2596e8]
V  [jvm.dll+0x807588]
V  [jvm.dll+0x80125a]
V  [jvm.dll+0x6ecf0b]
C  [ucrtbase.dll+0x29363]
C  [KERNEL32.DLL+0x1257d]
C  [ntdll.dll+0x5aa58]


---------------  P R O C E S S  ---------------

Threads class SMR info:
_java_thread_list=0x000002ba7aa2f350, length=18, elements={
0x000002ba7587e7b0, 0x000002ba7587f5a0, 0x000002ba75882180, 0x000002ba75886f30,
0x000002ba75887860, 0x000002ba7588a940, 0x000002ba7588d5b0, 0x000002ba7588df20,
0x000002ba7588e890, 0x000002ba79cd5940, 0x000002ba79d4b300, 0x000002ba79dca2e0,
0x000002ba79e8a2e0, 0x000002ba79e8d2e0, 0x000002ba79e91b00, 0x000002ba79ff2650,
0x000002ba79fd6210, 0x000002ba55176a10
}

Java Threads: ( => current thread )
  0x000002ba7587e7b0 JavaThread "Reference Handler" daemon [_thread_blocked, id=14584, stack(0x000000ecadc00000,0x000000ecadd00000)]
  0x000002ba7587f5a0 JavaThread "Finalizer" daemon [_thread_blocked, id=28176, stack(0x000000ecadd00000,0x000000ecade00000)]
  0x000002ba75882180 JavaThread "Signal Dispatcher" daemon [_thread_blocked, id=23168, stack(0x000000ecade00000,0x000000ecadf00000)]
  0x000002ba75886f30 JavaThread "Attach Listener" daemon [_thread_blocked, id=19668, stack(0x000000ecadf00000,0x000000ecae000000)]
  0x000002ba75887860 JavaThread "Service Thread" daemon [_thread_blocked, id=25776, stack(0x000000ecae000000,0x000000ecae100000)]
  0x000002ba7588a940 JavaThread "Monitor Deflation Thread" daemon [_thread_blocked, id=21940, stack(0x000000ecae100000,0x000000ecae200000)]
=>0x000002ba7588d5b0 JavaThread "C2 CompilerThread0" daemon [_thread_in_native, id=28276, stack(0x000000ecae200000,0x000000ecae300000)]
  0x000002ba7588df20 JavaThread "C1 CompilerThread0" daemon [_thread_blocked, id=14564, stack(0x000000ecae300000,0x000000ecae400000)]
  0x000002ba7588e890 JavaThread "Sweeper thread" daemon [_thread_blocked, id=25780, stack(0x000000ecae400000,0x000000ecae500000)]
  0x000002ba79cd5940 JavaThread "Common-Cleaner" daemon [_thread_blocked, id=21392, stack(0x000000ecae500000,0x000000ecae600000)]
  0x000002ba79d4b300 JavaThread "Notification Thread" daemon [_thread_blocked, id=27716, stack(0x000000ecae600000,0x000000ecae700000)]
  0x000002ba79dca2e0 JavaThread "C2 CompilerThread1" daemon [_thread_in_native, id=19256, stack(0x000000ecae800000,0x000000ecae900000)]
  0x000002ba79e8a2e0 JavaThread "Java2D Disposer" daemon [_thread_blocked, id=1996, stack(0x000000ecae900000,0x000000ecaea00000)]
  0x000002ba79e8d2e0 JavaThread "AWT-Shutdown" [_thread_blocked, id=27928, stack(0x000000ecaea00000,0x000000ecaeb00000)]
  0x000002ba79e91b00 JavaThread "AWT-Windows" daemon [_thread_in_native, id=20496, stack(0x000000ecaeb00000,0x000000ecaec00000)]
  0x000002ba79ff2650 JavaThread "Image Fetcher 0" daemon [_thread_blocked, id=2876, stack(0x000000ecaec00000,0x000000ecaed00000)]
  0x000002ba79fd6210 JavaThread "AWT-EventQueue-0" [_thread_in_native, id=5156, stack(0x000000ecaed00000,0x000000ecaee00000)]
  0x000002ba55176a10 JavaThread "DestroyJavaVM" [_thread_blocked, id=19436, stack(0x000000ecad500000,0x000000ecad600000)]

Other Threads:
  0x000002ba75865a40 VMThread "VM Thread" [stack: 0x000000ecadb00000,0x000000ecadc00000] [id=22428]
  0x000002ba79d4fc50 WatcherThread "VM Periodic Task Thread" [stack: 0x000000ecae700000,0x000000ecae800000] [id=27272]
  0x000002ba551d6760 WorkerThread "GC Thread#0" [stack: 0x000000ecad600000,0x000000ecad700000] [id=25240]
  0x000002ba7ad92620 WorkerThread "GC Thread#1" [stack: 0x000000ecaf100000,0x000000ecaf200000] [id=27788]
  0x000002ba7ab47d10 WorkerThread "GC Thread#2" [stack: 0x000000ecaf200000,0x000000ecaf300000] [id=18920]
  0x000002ba7ab48850 WorkerThread "GC Thread#3" [stack: 0x000000ecaf300000,0x000000ecaf400000] [id=10984]
  0x000002ba7ab47770 WorkerThread "GC Thread#4" [stack: 0x000000ecaf400000,0x000000ecaf500000] [id=8244]
  0x000002ba7ab46f00 WorkerThread "GC Thread#5" [stack: 0x000000ecaf500000,0x000000ecaf600000] [id=28120]
  0x000002ba7ab47fe0 WorkerThread "GC Thread#6" [stack: 0x000000ecaf600000,0x000000ecaf700000] [id=26992]
  0x000002ba7ab47a40 WorkerThread "GC Thread#7" [stack: 0x000000ecaf700000,0x000000ecaf800000] [id=1732]
  0x000002ba551e7240 ConcurrentGCThread "G1 Main Marker" [stack: 0x000000ecad700000,0x000000ecad800000] [id=25924]
  0x000002ba551e7c70 WorkerThread "G1 Conc#0" [stack: 0x000000ecad800000,0x000000ecad900000] [id=27800]
  0x000002ba5523e6a0 ConcurrentGCThread "G1 Refine#0" [stack: 0x000000ecad900000,0x000000ecada00000] [id=25608]
  0x000002ba7571f290 ConcurrentGCThread "G1 Service" [stack: 0x000000ecada00000,0x000000ecadb00000] [id=16640]

Threads with active compile tasks:
C2 CompilerThread0      951 1221   !   4       sun.font.TrueTypeFont::getTableBuffer (215 bytes)
C2 CompilerThread1      951 1265       4       java.lang.String::hashCode (60 bytes)

VM state: not at safepoint (normal execution)

VM Mutex/Monitor currently owned by a thread: None

Heap address: 0x0000000082400000, size: 2012 MB, Compressed Oops mode: 32-bit

CDS archive(s) mapped at: [0x0000000800000000-0x0000000800c40000-0x0000000800c40000), size 12845056, SharedBaseAddress: 0x0000000800000000, ArchiveRelocationMode: 0.
Compressed class space mapped at: 0x0000000801000000-0x0000000841000000, reserved size: 1073741824
Narrow klass base: 0x0000000800000000, Narrow klass shift: 0, Narrow klass range: 0x100000000

GC Precious Log:
 CardTable entry size: 512
 Card Set container configuration: InlinePtr #cards 5 size 8 Array Of Cards #cards 12 size 40 Howl #buckets 4 coarsen threshold 1843 Howl Bitmap #cards 512 size 80 coarsen threshold 460 Card regions per heap region 1 cards per card region 2048
 CPUs: 8 total, 8 available
 Memory: 8043M
 Large Page Support: Disabled
 NUMA Support: Disabled
 Compressed Oops: Enabled (32-bit)
 Heap Region Size: 1M
 Heap Min Capacity: 8M
 Heap Initial Capacity: 126M
 Heap Max Capacity: 2012M
 Pre-touch: Disabled
 Parallel Workers: 8
 Concurrent Workers: 2
 Concurrent Refinement Workers: 8
 Periodic GC: Disabled

Heap:
 garbage-first heap   total 129024K, used 21492K [0x0000000082400000, 0x0000000100000000)
  region size 1024K, 8 young (8192K), 3 survivors (3072K)
 Metaspace       used 8075K, committed 8320K, reserved 1114112K
  class space    used 862K, committed 960K, reserved 1048576K

Heap Regions: E=young(eden), S=young(survivor), O=old, HS=humongous(starts), HC=humongous(continues), CS=collection set, F=free, OA=open archive, CA=closed archive, TAMS=top-at-mark-start (previous, next)
|   0|0x0000000082400000, 0x0000000082500000, 0x0000000082500000|100%|HS|  |TAMS 0x0000000082400000, 0x0000000082400000| Complete 
|   1|0x0000000082500000, 0x0000000082600000, 0x0000000082600000|100%|HC|  |TAMS 0x0000000082500000, 0x0000000082500000| Complete 
|   2|0x0000000082600000, 0x0000000082700000, 0x0000000082700000|100%|HC|  |TAMS 0x0000000082600000, 0x0000000082600000| Complete 
|   3|0x0000000082700000, 0x0000000082800000, 0x0000000082800000|100%|HC|  |TAMS 0x0000000082700000, 0x0000000082700000| Complete 
|   4|0x0000000082800000, 0x0000000082900000, 0x0000000082900000|100%|HS|  |TAMS 0x0000000082800000, 0x0000000082800000| Complete 
|   5|0x0000000082900000, 0x0000000082a00000, 0x0000000082a00000|100%|HC|  |TAMS 0x0000000082900000, 0x0000000082900000| Complete 
|   6|0x0000000082a00000, 0x0000000082b00000, 0x0000000082b00000|100%|HC|  |TAMS 0x0000000082a00000, 0x0000000082a00000| Complete 
|   7|0x0000000082b00000, 0x0000000082c00000, 0x0000000082c00000|100%|HC|  |TAMS 0x0000000082b00000, 0x0000000082b00000| Complete 
|   8|0x0000000082c00000, 0x0000000082d00000, 0x0000000082d00000|100%|HS|  |TAMS 0x0000000082c00000, 0x0000000082c00000| Complete 
|   9|0x0000000082d00000, 0x0000000082e00000, 0x0000000082e00000|100%|HC|  |TAMS 0x0000000082d00000, 0x0000000082d00000| Complete 
|  10|0x0000000082e00000, 0x0000000082f00000, 0x0000000082f00000|100%|HC|  |TAMS 0x0000000082e00000, 0x0000000082e00000| Complete 
|  11|0x0000000082f00000, 0x0000000083000000, 0x0000000083000000|100%|HC|  |TAMS 0x0000000082f00000, 0x0000000082f00000| Complete 
|  12|0x0000000083000000, 0x0000000083100000, 0x0000000083100000|100%|HC|  |TAMS 0x0000000083000000, 0x0000000083000000| Complete 
|  13|0x0000000083100000, 0x00000000831fd000, 0x0000000083200000| 98%| O|  |TAMS 0x0000000083100000, 0x0000000083100000| Untracked 
|  14|0x0000000083200000, 0x0000000083200000, 0x0000000083300000|  0%| F|  |TAMS 0x0000000083200000, 0x0000000083200000| Untracked 
|  15|0x0000000083300000, 0x0000000083300000, 0x0000000083400000|  0%| F|  |TAMS 0x0000000083300000, 0x0000000083300000| Untracked 
|  16|0x0000000083400000, 0x0000000083400000, 0x0000000083500000|  0%| F|  |TAMS 0x0000000083400000, 0x0000000083400000| Untracked 
|  17|0x0000000083500000, 0x0000000083500000, 0x0000000083600000|  0%| F|  |TAMS 0x0000000083500000, 0x0000000083500000| Untracked 
|  18|0x0000000083600000, 0x0000000083600000, 0x0000000083700000|  0%| F|  |TAMS 0x0000000083600000, 0x0000000083600000| Untracked 
|  19|0x0000000083700000, 0x0000000083700000, 0x0000000083800000|  0%| F|  |TAMS 0x0000000083700000, 0x0000000083700000| Untracked 
|  20|0x0000000083800000, 0x0000000083800000, 0x0000000083900000|  0%| F|  |TAMS 0x0000000083800000, 0x0000000083800000| Untracked 
|  21|0x0000000083900000, 0x0000000083900000, 0x0000000083a00000|  0%| F|  |TAMS 0x0000000083900000, 0x0000000083900000| Untracked 
|  22|0x0000000083a00000, 0x0000000083a00000, 0x0000000083b00000|  0%| F|  |TAMS 0x0000000083a00000, 0x0000000083a00000| Untracked 
|  23|0x0000000083b00000, 0x0000000083b00000, 0x0000000083c00000|  0%| F|  |TAMS 0x0000000083b00000, 0x0000000083b00000| Untracked 
|  24|0x0000000083c00000, 0x0000000083c00000, 0x0000000083d00000|  0%| F|  |TAMS 0x0000000083c00000, 0x0000000083c00000| Untracked 
|  25|0x0000000083d00000, 0x0000000083d00000, 0x0000000083e00000|  0%| F|  |TAMS 0x0000000083d00000, 0x0000000083d00000| Untracked 
|  26|0x0000000083e00000, 0x0000000083e00000, 0x0000000083f00000|  0%| F|  |TAMS 0x0000000083e00000, 0x0000000083e00000| Untracked 
|  27|0x0000000083f00000, 0x0000000083f00000, 0x0000000084000000|  0%| F|  |TAMS 0x0000000083f00000, 0x0000000083f00000| Untracked 
|  28|0x0000000084000000, 0x0000000084000000, 0x0000000084100000|  0%| F|  |TAMS 0x0000000084000000, 0x0000000084000000| Untracked 
|  29|0x0000000084100000, 0x0000000084100000, 0x0000000084200000|  0%| F|  |TAMS 0x0000000084100000, 0x0000000084100000| Untracked 
|  30|0x0000000084200000, 0x0000000084200000, 0x0000000084300000|  0%| F|  |TAMS 0x0000000084200000, 0x0000000084200000| Untracked 
|  31|0x0000000084300000, 0x0000000084300000, 0x0000000084400000|  0%| F|  |TAMS 0x0000000084300000, 0x0000000084300000| Untracked 
|  32|0x0000000084400000, 0x0000000084400000, 0x0000000084500000|  0%| F|  |TAMS 0x0000000084400000, 0x0000000084400000| Untracked 
|  33|0x0000000084500000, 0x0000000084500000, 0x0000000084600000|  0%| F|  |TAMS 0x0000000084500000, 0x0000000084500000| Untracked 
|  34|0x0000000084600000, 0x0000000084600000, 0x0000000084700000|  0%| F|  |TAMS 0x0000000084600000, 0x0000000084600000| Untracked 
|  35|0x0000000084700000, 0x0000000084700000, 0x0000000084800000|  0%| F|  |TAMS 0x0000000084700000, 0x0000000084700000| Untracked 
|  36|0x0000000084800000, 0x0000000084800000, 0x0000000084900000|  0%| F|  |TAMS 0x0000000084800000, 0x0000000084800000| Untracked 
|  37|0x0000000084900000, 0x0000000084900000, 0x0000000084a00000|  0%| F|  |TAMS 0x0000000084900000, 0x0000000084900000| Untracked 
|  38|0x0000000084a00000, 0x0000000084a00000, 0x0000000084b00000|  0%| F|  |TAMS 0x0000000084a00000, 0x0000000084a00000| Untracked 
|  39|0x0000000084b00000, 0x0000000084b00000, 0x0000000084c00000|  0%| F|  |TAMS 0x0000000084b00000, 0x0000000084b00000| Untracked 
|  40|0x0000000084c00000, 0x0000000084c00000, 0x0000000084d00000|  0%| F|  |TAMS 0x0000000084c00000, 0x0000000084c00000| Untracked 
|  41|0x0000000084d00000, 0x0000000084d00000, 0x0000000084e00000|  0%| F|  |TAMS 0x0000000084d00000, 0x0000000084d00000| Untracked 
|  42|0x0000000084e00000, 0x0000000084e00000, 0x0000000084f00000|  0%| F|  |TAMS 0x0000000084e00000, 0x0000000084e00000| Untracked 
|  43|0x0000000084f00000, 0x0000000084f00000, 0x0000000085000000|  0%| F|  |TAMS 0x0000000084f00000, 0x0000000084f00000| Untracked 
|  44|0x0000000085000000, 0x0000000085000000, 0x0000000085100000|  0%| F|  |TAMS 0x0000000085000000, 0x0000000085000000| Untracked 
|  45|0x0000000085100000, 0x0000000085100000, 0x0000000085200000|  0%| F|  |TAMS 0x0000000085100000, 0x0000000085100000| Untracked 
|  46|0x0000000085200000, 0x0000000085200000, 0x0000000085300000|  0%| F|  |TAMS 0x0000000085200000, 0x0000000085200000| Untracked 
|  47|0x0000000085300000, 0x0000000085300000, 0x0000000085400000|  0%| F|  |TAMS 0x0000000085300000, 0x0000000085300000| Untracked 
|  48|0x0000000085400000, 0x0000000085400000, 0x0000000085500000|  0%| F|  |TAMS 0x0000000085400000, 0x0000000085400000| Untracked 
|  49|0x0000000085500000, 0x0000000085500000, 0x0000000085600000|  0%| F|  |TAMS 0x0000000085500000, 0x0000000085500000| Untracked 
|  50|0x0000000085600000, 0x0000000085600000, 0x0000000085700000|  0%| F|  |TAMS 0x0000000085600000, 0x0000000085600000| Untracked 
|  51|0x0000000085700000, 0x0000000085700000, 0x0000000085800000|  0%| F|  |TAMS 0x0000000085700000, 0x0000000085700000| Untracked 
|  52|0x0000000085800000, 0x0000000085800000, 0x0000000085900000|  0%| F|  |TAMS 0x0000000085800000, 0x0000000085800000| Untracked 
|  53|0x0000000085900000, 0x0000000085900000, 0x0000000085a00000|  0%| F|  |TAMS 0x0000000085900000, 0x0000000085900000| Untracked 
|  54|0x0000000085a00000, 0x0000000085a00000, 0x0000000085b00000|  0%| F|  |TAMS 0x0000000085a00000, 0x0000000085a00000| Untracked 
|  55|0x0000000085b00000, 0x0000000085b00000, 0x0000000085c00000|  0%| F|  |TAMS 0x0000000085b00000, 0x0000000085b00000| Untracked 
|  56|0x0000000085c00000, 0x0000000085c00000, 0x0000000085d00000|  0%| F|  |TAMS 0x0000000085c00000, 0x0000000085c00000| Untracked 
|  57|0x0000000085d00000, 0x0000000085d00000, 0x0000000085e00000|  0%| F|  |TAMS 0x0000000085d00000, 0x0000000085d00000| Untracked 
|  58|0x0000000085e00000, 0x0000000085e00000, 0x0000000085f00000|  0%| F|  |TAMS 0x0000000085e00000, 0x0000000085e00000| Untracked 
|  59|0x0000000085f00000, 0x0000000085f00000, 0x0000000086000000|  0%| F|  |TAMS 0x0000000085f00000, 0x0000000085f00000| Untracked 
|  60|0x0000000086000000, 0x0000000086000000, 0x0000000086100000|  0%| F|  |TAMS 0x0000000086000000, 0x0000000086000000| Untracked 
|  61|0x0000000086100000, 0x0000000086100000, 0x0000000086200000|  0%| F|  |TAMS 0x0000000086100000, 0x0000000086100000| Untracked 
|  62|0x0000000086200000, 0x0000000086200000, 0x0000000086300000|  0%| F|  |TAMS 0x0000000086200000, 0x0000000086200000| Untracked 
|  63|0x0000000086300000, 0x0000000086300000, 0x0000000086400000|  0%| F|  |TAMS 0x0000000086300000, 0x0000000086300000| Untracked 
|  64|0x0000000086400000, 0x0000000086400000, 0x0000000086500000|  0%| F|  |TAMS 0x0000000086400000, 0x0000000086400000| Untracked 
|  65|0x0000000086500000, 0x0000000086500000, 0x0000000086600000|  0%| F|  |TAMS 0x0000000086500000, 0x0000000086500000| Untracked 
|  66|0x0000000086600000, 0x0000000086600000, 0x0000000086700000|  0%| F|  |TAMS 0x0000000086600000, 0x0000000086600000| Untracked 
|  67|0x0000000086700000, 0x0000000086700000, 0x0000000086800000|  0%| F|  |TAMS 0x0000000086700000, 0x0000000086700000| Untracked 
|  68|0x0000000086800000, 0x0000000086800000, 0x0000000086900000|  0%| F|  |TAMS 0x0000000086800000, 0x0000000086800000| Untracked 
|  69|0x0000000086900000, 0x0000000086900000, 0x0000000086a00000|  0%| F|  |TAMS 0x0000000086900000, 0x0000000086900000| Untracked 
|  70|0x0000000086a00000, 0x0000000086a00000, 0x0000000086b00000|  0%| F|  |TAMS 0x0000000086a00000, 0x0000000086a00000| Untracked 
|  71|0x0000000086b00000, 0x0000000086b00000, 0x0000000086c00000|  0%| F|  |TAMS 0x0000000086b00000, 0x0000000086b00000| Untracked 
|  72|0x0000000086c00000, 0x0000000086c00000, 0x0000000086d00000|  0%| F|  |TAMS 0x0000000086c00000, 0x0000000086c00000| Untracked 
|  73|0x0000000086d00000, 0x0000000086d00000, 0x0000000086e00000|  0%| F|  |TAMS 0x0000000086d00000, 0x0000000086d00000| Untracked 
|  74|0x0000000086e00000, 0x0000000086e00000, 0x0000000086f00000|  0%| F|  |TAMS 0x0000000086e00000, 0x0000000086e00000| Untracked 
|  75|0x0000000086f00000, 0x0000000086f00000, 0x0000000087000000|  0%| F|  |TAMS 0x0000000086f00000, 0x0000000086f00000| Untracked 
|  76|0x0000000087000000, 0x0000000087000000, 0x0000000087100000|  0%| F|  |TAMS 0x0000000087000000, 0x0000000087000000| Untracked 
|  77|0x0000000087100000, 0x0000000087100000, 0x0000000087200000|  0%| F|  |TAMS 0x0000000087100000, 0x0000000087100000| Untracked 
|  78|0x0000000087200000, 0x0000000087200000, 0x0000000087300000|  0%| F|  |TAMS 0x0000000087200000, 0x0000000087200000| Untracked 
|  79|0x0000000087300000, 0x0000000087300000, 0x0000000087400000|  0%| F|  |TAMS 0x0000000087300000, 0x0000000087300000| Untracked 
|  80|0x0000000087400000, 0x0000000087400000, 0x0000000087500000|  0%| F|  |TAMS 0x0000000087400000, 0x0000000087400000| Untracked 
|  81|0x0000000087500000, 0x0000000087500000, 0x0000000087600000|  0%| F|  |TAMS 0x0000000087500000, 0x0000000087500000| Untracked 
|  82|0x0000000087600000, 0x0000000087600000, 0x0000000087700000|  0%| F|  |TAMS 0x0000000087600000, 0x0000000087600000| Untracked 
|  83|0x0000000087700000, 0x0000000087700000, 0x0000000087800000|  0%| F|  |TAMS 0x0000000087700000, 0x0000000087700000| Untracked 
|  84|0x0000000087800000, 0x0000000087800000, 0x0000000087900000|  0%| F|  |TAMS 0x0000000087800000, 0x0000000087800000| Untracked 
|  85|0x0000000087900000, 0x0000000087900000, 0x0000000087a00000|  0%| F|  |TAMS 0x0000000087900000, 0x0000000087900000| Untracked 
|  86|0x0000000087a00000, 0x0000000087a00000, 0x0000000087b00000|  0%| F|  |TAMS 0x0000000087a00000, 0x0000000087a00000| Untracked 
|  87|0x0000000087b00000, 0x0000000087b00000, 0x0000000087c00000|  0%| F|  |TAMS 0x0000000087b00000, 0x0000000087b00000| Untracked 
|  88|0x0000000087c00000, 0x0000000087c00000, 0x0000000087d00000|  0%| F|  |TAMS 0x0000000087c00000, 0x0000000087c00000| Untracked 
|  89|0x0000000087d00000, 0x0000000087d00000, 0x0000000087e00000|  0%| F|  |TAMS 0x0000000087d00000, 0x0000000087d00000| Untracked 
|  90|0x0000000087e00000, 0x0000000087e00000, 0x0000000087f00000|  0%| F|  |TAMS 0x0000000087e00000, 0x0000000087e00000| Untracked 
|  91|0x0000000087f00000, 0x0000000087f00000, 0x0000000088000000|  0%| F|  |TAMS 0x0000000087f00000, 0x0000000087f00000| Untracked 
|  92|0x0000000088000000, 0x0000000088000000, 0x0000000088100000|  0%| F|  |TAMS 0x0000000088000000, 0x0000000088000000| Untracked 
|  93|0x0000000088100000, 0x0000000088100000, 0x0000000088200000|  0%| F|  |TAMS 0x0000000088100000, 0x0000000088100000| Untracked 
|  94|0x0000000088200000, 0x0000000088200000, 0x0000000088300000|  0%| F|  |TAMS 0x0000000088200000, 0x0000000088200000| Untracked 
|  95|0x0000000088300000, 0x0000000088300000, 0x0000000088400000|  0%| F|  |TAMS 0x0000000088300000, 0x0000000088300000| Untracked 
|  96|0x0000000088400000, 0x0000000088400000, 0x0000000088500000|  0%| F|  |TAMS 0x0000000088400000, 0x0000000088400000| Untracked 
|  97|0x0000000088500000, 0x0000000088500000, 0x0000000088600000|  0%| F|  |TAMS 0x0000000088500000, 0x0000000088500000| Untracked 
|  98|0x0000000088600000, 0x0000000088600000, 0x0000000088700000|  0%| F|  |TAMS 0x0000000088600000, 0x0000000088600000| Untracked 
|  99|0x0000000088700000, 0x0000000088700000, 0x0000000088800000|  0%| F|  |TAMS 0x0000000088700000, 0x0000000088700000| Untracked 
| 100|0x0000000088800000, 0x0000000088900000, 0x0000000088900000|100%| S|CS|TAMS 0x0000000088800000, 0x0000000088800000| Complete 
| 101|0x0000000088900000, 0x0000000088a00000, 0x0000000088a00000|100%| S|CS|TAMS 0x0000000088900000, 0x0000000088900000| Complete 
| 102|0x0000000088a00000, 0x0000000088b00000, 0x0000000088b00000|100%| S|CS|TAMS 0x0000000088a00000, 0x0000000088a00000| Complete 
| 103|0x0000000088b00000, 0x0000000088b00000, 0x0000000088c00000|  0%| F|  |TAMS 0x0000000088b00000, 0x0000000088b00000| Untracked 
| 104|0x0000000088c00000, 0x0000000088c00000, 0x0000000088d00000|  0%| F|  |TAMS 0x0000000088c00000, 0x0000000088c00000| Untracked 
| 105|0x0000000088d00000, 0x0000000088d00000, 0x0000000088e00000|  0%| F|  |TAMS 0x0000000088d00000, 0x0000000088d00000| Untracked 
| 106|0x0000000088e00000, 0x0000000088e00000, 0x0000000088f00000|  0%| F|  |TAMS 0x0000000088e00000, 0x0000000088e00000| Untracked 
| 107|0x0000000088f00000, 0x0000000088f00000, 0x0000000089000000|  0%| F|  |TAMS 0x0000000088f00000, 0x0000000088f00000| Untracked 
| 108|0x0000000089000000, 0x0000000089000000, 0x0000000089100000|  0%| F|  |TAMS 0x0000000089000000, 0x0000000089000000| Untracked 
| 109|0x0000000089100000, 0x0000000089100000, 0x0000000089200000|  0%| F|  |TAMS 0x0000000089100000, 0x0000000089100000| Untracked 
| 110|0x0000000089200000, 0x0000000089200000, 0x0000000089300000|  0%| F|  |TAMS 0x0000000089200000, 0x0000000089200000| Untracked 
| 111|0x0000000089300000, 0x0000000089300000, 0x0000000089400000|  0%| F|  |TAMS 0x0000000089300000, 0x0000000089300000| Untracked 
| 112|0x0000000089400000, 0x0000000089400000, 0x0000000089500000|  0%| F|  |TAMS 0x0000000089400000, 0x0000000089400000| Untracked 
| 113|0x0000000089500000, 0x0000000089500000, 0x0000000089600000|  0%| F|  |TAMS 0x0000000089500000, 0x0000000089500000| Untracked 
| 114|0x0000000089600000, 0x0000000089600000, 0x0000000089700000|  0%| F|  |TAMS 0x0000000089600000, 0x0000000089600000| Untracked 
| 115|0x0000000089700000, 0x0000000089700000, 0x0000000089800000|  0%| F|  |TAMS 0x0000000089700000, 0x0000000089700000| Untracked 
| 116|0x0000000089800000, 0x0000000089800000, 0x0000000089900000|  0%| F|  |TAMS 0x0000000089800000, 0x0000000089800000| Untracked 
| 117|0x0000000089900000, 0x0000000089900000, 0x0000000089a00000|  0%| F|  |TAMS 0x0000000089900000, 0x0000000089900000| Untracked 
| 118|0x0000000089a00000, 0x0000000089a00000, 0x0000000089b00000|  0%| F|  |TAMS 0x0000000089a00000, 0x0000000089a00000| Untracked 
| 119|0x0000000089b00000, 0x0000000089b00000, 0x0000000089c00000|  0%| F|  |TAMS 0x0000000089b00000, 0x0000000089b00000| Untracked 
| 120|0x0000000089c00000, 0x0000000089c00000, 0x0000000089d00000|  0%| F|  |TAMS 0x0000000089c00000, 0x0000000089c00000| Untracked 
| 121|0x0000000089d00000, 0x0000000089e00000, 0x0000000089e00000|100%| E|  |TAMS 0x0000000089d00000, 0x0000000089d00000| Complete 
| 122|0x0000000089e00000, 0x0000000089f00000, 0x0000000089f00000|100%| E|CS|TAMS 0x0000000089e00000, 0x0000000089e00000| Complete 
| 123|0x0000000089f00000, 0x000000008a000000, 0x000000008a000000|100%| E|CS|TAMS 0x0000000089f00000, 0x0000000089f00000| Complete 
| 124|0x000000008a000000, 0x000000008a100000, 0x000000008a100000|100%| E|CS|TAMS 0x000000008a000000, 0x000000008a000000| Complete 
| 125|0x000000008a100000, 0x000000008a200000, 0x000000008a200000|100%| E|CS|TAMS 0x000000008a100000, 0x000000008a100000| Complete 

Card table byte_map: [0x000002ba6e710000,0x000002ba6eb00000] _byte_map_base: 0x000002ba6e2fe000

Marking Bits (Prev, Next): (CMBitMap*) 0x000002ba551d6d90, (CMBitMap*) 0x000002ba551d6dd0
 Prev Bits: [0x000002ba6eef0000, 0x000002ba70e60000)
 Next Bits: [0x000002ba70e60000, 0x000002ba72dd0000)

Polling page: 0x000002ba55240000

Metaspace:

Usage:
  Non-class:      7.04 MB used.
      Class:    862.87 KB used.
       Both:      7.89 MB used.

Virtual space:
  Non-class space:       64.00 MB reserved,       7.19 MB ( 11%) committed,  1 nodes.
      Class space:        1.00 GB reserved,     960.00 KB ( <1%) committed,  1 nodes.
             Both:        1.06 GB reserved,       8.12 MB ( <1%) committed. 

Chunk freelists:
   Non-Class:  490.00 KB
       Class:  3.10 MB
        Both:  3.58 MB

MaxMetaspaceSize: unlimited
CompressedClassSpaceSize: 1.00 GB
Initial GC threshold: 21.00 MB
Current GC threshold: 21.00 MB
CDS: on
MetaspaceReclaimPolicy: balanced
 - commit_granule_bytes: 65536.
 - commit_granule_words: 8192.
 - virtual_space_node_default_size: 8388608.
 - enlarge_chunks_in_place: 1.
 - new_chunks_are_fully_committed: 0.
 - uncommit_free_chunks: 1.
 - use_allocation_guard: 0.


Internal statistics:

num_allocs_failed_limit: 0.
num_arena_births: 154.
num_arena_deaths: 0.
num_vsnodes_births: 2.
num_vsnodes_deaths: 0.
num_space_committed: 130.
num_space_uncommitted: 0.
num_chunks_returned_to_freelist: 0.
num_chunks_taken_from_freelist: 169.
num_chunk_merges: 0.
num_chunk_splits: 113.
num_chunks_enlarged: 74.
num_inconsistent_stats: 0.

CodeHeap 'non-profiled nmethods': size=120000Kb used=362Kb max_used=362Kb free=119637Kb
 bounds [0x000002ba66380000, 0x000002ba665f0000, 0x000002ba6d8b0000]
CodeHeap 'profiled nmethods': size=120000Kb used=2099Kb max_used=2099Kb free=117900Kb
 bounds [0x000002ba5e8b0000, 0x000002ba5eb20000, 0x000002ba65de0000]
CodeHeap 'non-nmethods': size=5760Kb used=1366Kb max_used=1397Kb free=4393Kb
 bounds [0x000002ba65de0000, 0x000002ba66050000, 0x000002ba66380000]
 total_blobs=1878 nmethods=1264 adapters=525
 compilation: enabled
              stopped_count=0, restarted_count=0
 full_count=0

Compilation events (20 events):
Event: 0.899 Thread 0x000002ba7588df20 1254       3       java.util.HashMap::prepareArray (38 bytes)
Event: 0.899 Thread 0x000002ba7588df20 nmethod 1254 0x000002ba5eab8890 code [0x000002ba5eab8a80, 0x000002ba5eab9098]
Event: 0.899 Thread 0x000002ba7588df20 1255       3       java.util.HashSet::toArray (16 bytes)
Event: 0.899 Thread 0x000002ba7588df20 nmethod 1255 0x000002ba5eab9290 code [0x000002ba5eab9440, 0x000002ba5eab9658]
Event: 0.905 Thread 0x000002ba79dca2e0 1256       4       java.nio.ByteBuffer::position (6 bytes)
Event: 0.906 Thread 0x000002ba79dca2e0 nmethod 1256 0x000002ba663d7e10 code [0x000002ba663d7fa0, 0x000002ba663d8098]
Event: 0.906 Thread 0x000002ba79dca2e0 1257       4       java.nio.ByteBuffer::limit (6 bytes)
Event: 0.907 Thread 0x000002ba79dca2e0 nmethod 1257 0x000002ba663d8190 code [0x000002ba663d8320, 0x000002ba663d8438]
Event: 0.912 Thread 0x000002ba7588df20 1258       3       java.lang.StringUTF16::newBytesFor (61 bytes)
Event: 0.912 Thread 0x000002ba7588df20 nmethod 1258 0x000002ba5eab9710 code [0x000002ba5eab9980, 0x000002ba5eaba1b8]
Event: 0.913 Thread 0x000002ba79dca2e0 1259   !   4       sun.nio.cs.UnicodeDecoder::decodeLoop (304 bytes)
Event: 0.918 Thread 0x000002ba7588df20 1261   !   3       sun.font.TrueTypeFont::getAllFullNames (30 bytes)
Event: 0.919 Thread 0x000002ba7588df20 nmethod 1261 0x000002ba5eaba510 code [0x000002ba5eaba740, 0x000002ba5eabb028]
Event: 0.919 Thread 0x000002ba7588df20 1263  s    3       sun.font.FontFamily::addLocaleNames (45 bytes)
Event: 0.920 Thread 0x000002ba7588df20 nmethod 1263 0x000002ba5eabb310 code [0x000002ba5eabb540, 0x000002ba5eabbdc8]
Event: 0.920 Thread 0x000002ba7588df20 1262   !   3       sun.font.TrueTypeFont::getAllFamilyNames (30 bytes)
Event: 0.921 Thread 0x000002ba7588df20 nmethod 1262 0x000002ba5eabc090 code [0x000002ba5eabc2c0, 0x000002ba5eabcba8]
Event: 0.922 Thread 0x000002ba79dca2e0 nmethod 1259 0x000002ba663d8590 code [0x000002ba663d8740, 0x000002ba663d8cb8]
Event: 0.922 Thread 0x000002ba79dca2e0 1260       4       java.lang.StringUTF16::compress (20 bytes)
Event: 0.923 Thread 0x000002ba79dca2e0 nmethod 1260 0x000002ba663d9190 code [0x000002ba663d9320, 0x000002ba663d9578]

GC Heap History (2 events):
Event: 0.889 GC heap before
{Heap before GC invocations=0 (full 0):
 garbage-first heap   total 129024K, used 36864K [0x0000000082400000, 0x0000000100000000)
  region size 1024K, 23 young (23552K), 0 survivors (0K)
 Metaspace       used 8067K, committed 8320K, reserved 1114112K
  class space    used 862K, committed 960K, reserved 1048576K
}
Event: 0.896 GC heap after
{Heap after GC invocations=1 (full 0):
 garbage-first heap   total 129024K, used 17396K [0x0000000082400000, 0x0000000100000000)
  region size 1024K, 3 young (3072K), 3 survivors (3072K)
 Metaspace       used 8067K, committed 8320K, reserved 1114112K
  class space    used 862K, committed 960K, reserved 1048576K
}

Dll operation events (10 events):
Event: 0.009 Loaded shared library C:\Program Files\Java\jdk-19\bin\java.dll
Event: 0.017 Loaded shared library C:\Program Files\Java\jdk-19\bin\jsvml.dll
Event: 0.064 Loaded shared library C:\Program Files\Java\jdk-19\bin\net.dll
Event: 0.066 Loaded shared library C:\Program Files\Java\jdk-19\bin\nio.dll
Event: 0.086 Loaded shared library C:\Program Files\Java\jdk-19\bin\zip.dll
Event: 0.103 Loaded shared library C:\Program Files\Java\jdk-19\bin\jimage.dll
Event: 0.118 Loaded shared library C:\Program Files\Java\jdk-19\bin\awt.dll
Event: 0.332 Loaded shared library C:\Program Files\Java\jdk-19\bin\javajpeg.dll
Event: 0.444 Loaded shared library C:\Program Files\Java\jdk-19\bin\freetype.dll
Event: 0.445 Loaded shared library C:\Program Files\Java\jdk-19\bin\fontmanager.dll

Deoptimization events (20 events):
Event: 0.421 Thread 0x000002ba79e91b00 Uncommon trap: trap_request=0xffffff45 fr.pc=0x000002ba663a957c relative=0x000000000000015c
Event: 0.421 Thread 0x000002ba79e91b00 Uncommon trap: reason=unstable_if action=reinterpret pc=0x000002ba663a957c method=java.util.concurrent.locks.ReentrantLock$NonfairSync.initialTryLock()Z @ 10 c2
Event: 0.421 Thread 0x000002ba79e91b00 DEOPT PACKING pc=0x000002ba663a957c sp=0x000000ecaebfd700
Event: 0.421 Thread 0x000002ba79e91b00 DEOPT UNPACKING pc=0x000002ba65e46da3 sp=0x000000ecaebfd6a8 mode 2
Event: 0.454 Thread 0x000002ba55176a10 Uncommon trap: trap_request=0xffffff45 fr.pc=0x000002ba663ad3e4 relative=0x0000000000000244
Event: 0.454 Thread 0x000002ba55176a10 Uncommon trap: reason=unstable_if action=reinterpret pc=0x000002ba663ad3e4 method=java.lang.StringUTF16.compress([CI[BII)I @ 20 c2
Event: 0.454 Thread 0x000002ba55176a10 DEOPT PACKING pc=0x000002ba663ad3e4 sp=0x000000ecad5fda70
Event: 0.454 Thread 0x000002ba55176a10 DEOPT UNPACKING pc=0x000002ba65e46da3 sp=0x000000ecad5fd9f0 mode 2
Event: 0.604 Thread 0x000002ba79fd6210 Uncommon trap: trap_request=0xffffff45 fr.pc=0x000002ba663c5fcc relative=0x000000000000050c
Event: 0.604 Thread 0x000002ba79fd6210 Uncommon trap: reason=unstable_if action=reinterpret pc=0x000002ba663c5fcc method=java.lang.StringLatin1.toLowerCase(Ljava/lang/String;[BLjava/util/Locale;)Ljava/lang/String; @ 43 c2
Event: 0.604 Thread 0x000002ba79fd6210 DEOPT PACKING pc=0x000002ba663c5fcc sp=0x000000ecaedfcce0
Event: 0.604 Thread 0x000002ba79fd6210 DEOPT UNPACKING pc=0x000002ba65e46da3 sp=0x000000ecaedfcc50 mode 2
Event: 0.863 Thread 0x000002ba79fd6210 Uncommon trap: trap_request=0xffffff45 fr.pc=0x000002ba6638a5bc relative=0x000000000000009c
Event: 0.863 Thread 0x000002ba79fd6210 Uncommon trap: reason=unstable_if action=reinterpret pc=0x000002ba6638a5bc method=java.lang.String.isLatin1()Z @ 10 c2
Event: 0.863 Thread 0x000002ba79fd6210 DEOPT PACKING pc=0x000002ba6638a5bc sp=0x000000ecaedfcaf0
Event: 0.863 Thread 0x000002ba79fd6210 DEOPT UNPACKING pc=0x000002ba65e46da3 sp=0x000000ecaedfca20 mode 2
Event: 0.885 Thread 0x000002ba79fd6210 Uncommon trap: trap_request=0xffffff45 fr.pc=0x000002ba663d58e4 relative=0x0000000000000424
Event: 0.885 Thread 0x000002ba79fd6210 Uncommon trap: reason=unstable_if action=reinterpret pc=0x000002ba663d58e4 method=java.lang.Character.isSurrogate(C)Z @ 3 c2
Event: 0.885 Thread 0x000002ba79fd6210 DEOPT PACKING pc=0x000002ba663d58e4 sp=0x000000ecaedfc7b0
Event: 0.885 Thread 0x000002ba79fd6210 DEOPT UNPACKING pc=0x000002ba65e46da3 sp=0x000000ecaedfc6d8 mode 2

Classes loaded (20 events):
Event: 0.571 Loading class java/awt/print/PrinterGraphics
Event: 0.572 Loading class java/awt/print/PrinterGraphics done
Event: 0.572 Loading class java/awt/PrintGraphics
Event: 0.572 Loading class java/awt/PrintGraphics done
Event: 0.572 Loading class sun/java2d/loops/FontInfo
Event: 0.572 Loading class sun/java2d/loops/FontInfo done
Event: 0.576 Loading class sun/font/SunFontManager$FamilyDescription
Event: 0.577 Loading class sun/font/SunFontManager$FamilyDescription done
Event: 0.605 Loading class sun/font/SunFontManager$3
Event: 0.605 Loading class sun/font/SunFontManager$3 done
Event: 0.628 Loading class sun/font/SunFontManager$8
Event: 0.628 Loading class sun/font/SunFontManager$8 done
Event: 0.629 Loading class sun/font/SunFontManager$9
Event: 0.629 Loading class sun/font/SunFontManager$9 done
Event: 0.832 Loading class java/lang/foreign/MemorySegment
Event: 0.832 Loading class java/lang/foreign/Addressable
Event: 0.832 Loading class java/lang/foreign/Addressable done
Event: 0.832 Loading class java/lang/foreign/MemorySegment done
Event: 0.896 Loading class java/util/concurrent/locks/AbstractQueuedSynchronizer$ExclusiveNode
Event: 0.896 Loading class java/util/concurrent/locks/AbstractQueuedSynchronizer$ExclusiveNode done

Classes unloaded (0 events):
No events

Classes redefined (0 events):
No events

Internal exceptions (17 events):
Event: 0.067 Thread 0x000002ba55176a10 Exception <a 'sun/nio/fs/WindowsException'{0x000000008a046850}> (0x000000008a046850) 
thrown [s\open\src\hotspot\share\prims\jni.cpp, line 517]
Event: 0.067 Thread 0x000002ba55176a10 Exception <a 'sun/nio/fs/WindowsException'{0x000000008a046db0}> (0x000000008a046db0) 
thrown [s\open\src\hotspot\share\prims\jni.cpp, line 517]
Event: 0.069 Thread 0x000002ba55176a10 Exception <a 'sun/nio/fs/WindowsException'{0x000000008a049220}> (0x000000008a049220) 
thrown [s\open\src\hotspot\share\prims\jni.cpp, line 517]
Event: 0.069 Thread 0x000002ba55176a10 Exception <a 'sun/nio/fs/WindowsException'{0x000000008a049cf0}> (0x000000008a049cf0) 
thrown [s\open\src\hotspot\share\prims\jni.cpp, line 517]
Event: 0.108 Thread 0x000002ba55176a10 Exception <a 'java/lang/ClassNotFoundException'{0x0000000089f998a8}: sun/awt/resources/spi/awtProvider> (0x0000000089f998a8) 
thrown [s\open\src\hotspot\share\classfile\systemDictionary.cpp, line 255]
Event: 0.130 Thread 0x000002ba55176a10 Exception <a 'java/io/FileNotFoundException'{0x0000000089ff0e48}> (0x0000000089ff0e48) 
thrown [s\open\src\hotspot\share\prims\jni.cpp, line 517]
Event: 0.137 Thread 0x000002ba55176a10 Exception <a 'java/io/FileNotFoundException'{0x0000000089e1da00}> (0x0000000089e1da00) 
thrown [s\open\src\hotspot\share\prims\jni.cpp, line 517]
Event: 0.175 Thread 0x000002ba55176a10 Exception <a 'java/lang/NoSuchMethodError'{0x0000000089e62590}: 'java.lang.Object java.lang.invoke.DirectMethodHandle$Holder.invokeStaticInit(java.lang.Object)'> (0x0000000089e62590) 
thrown [s\open\src\hotspot\share\interpreter\linkResolver.cpp, line 774]
Event: 0.210 Thread 0x000002ba55176a10 Exception <a 'java/lang/NoSuchMethodError'{0x0000000089d40fe0}: 'void java.lang.invoke.DirectMethodHandle$Holder.invokeSpecial(java.lang.Object, java.lang.Object, java.lang.Object)'> (0x0000000089d40fe0) 
thrown [s\open\src\hotspot\share\interpreter\linkResolver.cpp, line 774]
Event: 0.218 Thread 0x000002ba55176a10 Exception <a 'java/lang/NoSuchMethodError'{0x0000000089d6bb28}: 'java.lang.Object java.lang.invoke.DirectMethodHandle$Holder.newInvokeSpecial(java.lang.Object, java.lang.Object, java.lang.Object, java.lang.Object, java.lang.Object)'> (0x0000000089d6bb28) 
thrown [s\open\src\hotspot\share\interpreter\linkResolver.cpp, line 774]
Event: 0.225 Thread 0x000002ba55176a10 Exception <a 'java/lang/NoSuchMethodError'{0x0000000089d9d480}: 'java.lang.Object java.lang.invoke.DirectMethodHandle$Holder.invokeStatic(java.lang.Object, int, java.lang.Object)'> (0x0000000089d9d480) 
thrown [s\open\src\hotspot\share\interpreter\linkResolver.cpp, line 774]
Event: 0.256 Thread 0x000002ba55176a10 Exception <a 'java/lang/ClassNotFoundException'{0x0000000089c595b0}: com/sun/swing/internal/plaf/metal/resources/spi/metalProvider> (0x0000000089c595b0) 
thrown [s\open\src\hotspot\share\classfile\systemDictionary.cpp, line 255]
Event: 0.257 Thread 0x000002ba55176a10 Exception <a 'java/lang/ClassNotFoundException'{0x0000000089c5d4e0}: com/sun/swing/internal/plaf/basic/resources/spi/basicProvider> (0x0000000089c5d4e0) 
thrown [s\open\src\hotspot\share\classfile\systemDictionary.cpp, line 255]
Event: 0.266 Thread 0x000002ba55176a10 Exception <a 'java/lang/NoSuchMethodError'{0x0000000089c7d398}: 'int java.lang.invoke.Invokers$Holder.invokeExact_MT(java.lang.Object, java.lang.Object)'> (0x0000000089c7d398) 
thrown [s\open\src\hotspot\share\interpreter\linkResolver.cpp, line 774]
Event: 0.335 Thread 0x000002ba79ff2650 Exception <a 'java/lang/NoSuchMethodError'{0x0000000089a837a0}: 'java.lang.Object java.lang.invoke.DirectMethodHandle$Holder.newInvokeSpecial(java.lang.Object, java.lang.Object, java.lang.Object, int, int, int, int, int)'> (0x0000000089a837a0) 
thrown [s\open\src\hotspot\share\interpreter\linkResolver.cpp, line 774]
Event: 0.423 Thread 0x000002ba79e91b00 Exception <a 'java/lang/NoSuchMethodError'{0x0000000089efbdc8}: 'void java.lang.invoke.DirectMethodHandle$Holder.invokeVirtual(java.lang.Object, java.lang.Object)'> (0x0000000089efbdc8) 
thrown [s\open\src\hotspot\share\interpreter\linkResolver.cpp, line 774]
Event: 0.439 Thread 0x000002ba55176a10 Exception <a 'java/lang/NoSuchMethodError'{0x0000000089cccdb8}: 'void java.lang.invoke.DirectMethodHandle$Holder.invokeStaticInit(java.lang.Object)'> (0x0000000089cccdb8) 
thrown [s\open\src\hotspot\share\interpreter\linkResolver.cpp, line 774]

VM Operations (16 events):
Event: 0.070 Executing VM operation: HandshakeAllThreads
Event: 0.070 Executing VM operation: HandshakeAllThreads done
Event: 0.144 Executing VM operation: HandshakeAllThreads
Event: 0.144 Executing VM operation: HandshakeAllThreads done
Event: 0.319 Executing VM operation: HandshakeAllThreads
Event: 0.319 Executing VM operation: HandshakeAllThreads done
Event: 0.361 Executing VM operation: HandshakeAllThreads
Event: 0.361 Executing VM operation: HandshakeAllThreads done
Event: 0.404 Executing VM operation: HandshakeAllThreads
Event: 0.404 Executing VM operation: HandshakeAllThreads done
Event: 0.526 Executing VM operation: HandshakeAllThreads
Event: 0.526 Executing VM operation: HandshakeAllThreads done
Event: 0.821 Executing VM operation: ICBufferFull
Event: 0.821 Executing VM operation: ICBufferFull done
Event: 0.889 Executing VM operation: G1CollectForAllocation
Event: 0.896 Executing VM operation: G1CollectForAllocation done

Events (20 events):
Event: 0.017 Thread 0x000002ba55176a10 Thread added: 0x000002ba55176a10
Event: 0.028 Thread 0x000002ba7587e7b0 Thread added: 0x000002ba7587e7b0
Event: 0.028 Thread 0x000002ba7587f5a0 Thread added: 0x000002ba7587f5a0
Event: 0.029 Thread 0x000002ba75882180 Thread added: 0x000002ba75882180
Event: 0.029 Thread 0x000002ba75886f30 Thread added: 0x000002ba75886f30
Event: 0.029 Thread 0x000002ba75887860 Thread added: 0x000002ba75887860
Event: 0.029 Thread 0x000002ba7588a940 Thread added: 0x000002ba7588a940
Event: 0.029 Thread 0x000002ba7588d5b0 Thread added: 0x000002ba7588d5b0
Event: 0.029 Thread 0x000002ba7588df20 Thread added: 0x000002ba7588df20
Event: 0.030 Thread 0x000002ba7588e890 Thread added: 0x000002ba7588e890
Event: 0.052 Thread 0x000002ba79cd5940 Thread added: 0x000002ba79cd5940
Event: 0.081 Thread 0x000002ba79d4b300 Thread added: 0x000002ba79d4b300
Event: 0.090 Thread 0x000002ba79dca2e0 Thread added: 0x000002ba79dca2e0
Event: 0.176 Thread 0x000002ba79e8a2e0 Thread added: 0x000002ba79e8a2e0
Event: 0.177 Thread 0x000002ba79e8d2e0 Thread added: 0x000002ba79e8d2e0
Event: 0.178 Thread 0x000002ba79e91b00 Thread added: 0x000002ba79e91b00
Event: 0.272 Thread 0x000002ba79ff2650 Thread added: 0x000002ba79ff2650
Event: 0.422 Thread 0x000002ba79fd6210 Thread added: 0x000002ba79fd6210
Event: 0.525 Thread 0x000002ba55176a10 Thread exited: 0x000002ba55176a10
Event: 0.525 Thread 0x000002ba55176a10 Thread added: 0x000002ba55176a10


Dynamic libraries:
0x00007ff73cd20000 - 0x00007ff73cd30000 	C:\Program Files\Java\jdk-19\bin\java.exe
0x00007ff8453d0000 - 0x00007ff8455e7000 	C:\WINDOWS\SYSTEM32\ntdll.dll
0x00007ff843d90000 - 0x00007ff843e54000 	C:\WINDOWS\System32\KERNEL32.DLL
0x00007ff842740000 - 0x00007ff842ae5000 	C:\WINDOWS\System32\KERNELBASE.dll
0x00007ff843000000 - 0x00007ff843111000 	C:\WINDOWS\System32\ucrtbase.dll
0x00007ff839b00000 - 0x00007ff839b1b000 	C:\Program Files\Java\jdk-19\bin\VCRUNTIME140.dll
0x00007ff82b1a0000 - 0x00007ff82b1b8000 	C:\Program Files\Java\jdk-19\bin\jli.dll
0x00007ff843e60000 - 0x00007ff843f11000 	C:\WINDOWS\System32\ADVAPI32.dll
0x00007ff843b80000 - 0x00007ff843c27000 	C:\WINDOWS\System32\msvcrt.dll
0x00007ff843120000 - 0x00007ff8431c6000 	C:\WINDOWS\System32\sechost.dll
0x00007ff8441e0000 - 0x00007ff8442f7000 	C:\WINDOWS\System32\RPCRT4.dll
0x00007ff844030000 - 0x00007ff8441de000 	C:\WINDOWS\System32\USER32.dll
0x00007ff842fd0000 - 0x00007ff842ff6000 	C:\WINDOWS\System32\win32u.dll
0x00007ff8344b0000 - 0x00007ff834743000 	C:\WINDOWS\WinSxS\amd64_microsoft.windows.common-controls_6595b64144ccf1df_6.0.22621.2506_none_270c5ae97388e100\COMCTL32.dll
0x00007ff8435b0000 - 0x00007ff8435d9000 	C:\WINDOWS\System32\GDI32.dll
0x00007ff842c60000 - 0x00007ff842d79000 	C:\WINDOWS\System32\gdi32full.dll
0x00007ff842f30000 - 0x00007ff842fca000 	C:\WINDOWS\System32\msvcp_win.dll
0x00007ff834d60000 - 0x00007ff834d6a000 	C:\WINDOWS\SYSTEM32\VERSION.dll
0x00007ff843600000 - 0x00007ff843631000 	C:\WINDOWS\System32\IMM32.DLL
0x00007ff83ab20000 - 0x00007ff83ab2c000 	C:\Program Files\Java\jdk-19\bin\vcruntime140_1.dll
0x00007ff814700000 - 0x00007ff81478e000 	C:\Program Files\Java\jdk-19\bin\msvcp140.dll
0x00007fffe7bc0000 - 0x00007fffe8880000 	C:\Program Files\Java\jdk-19\bin\server\jvm.dll
0x00007ff82d2c0000 - 0x00007ff82d2c9000 	C:\WINDOWS\SYSTEM32\WSOCK32.dll
0x00007ff838bb0000 - 0x00007ff838be4000 	C:\WINDOWS\SYSTEM32\WINMM.dll
0x00007ff843d10000 - 0x00007ff843d81000 	C:\WINDOWS\System32\WS2_32.dll
0x00007ff841740000 - 0x00007ff841758000 	C:\WINDOWS\SYSTEM32\kernel.appcore.dll
0x00007ff839820000 - 0x00007ff83982a000 	C:\Program Files\Java\jdk-19\bin\jimage.dll
0x00007ff83cff0000 - 0x00007ff83d223000 	C:\WINDOWS\SYSTEM32\DBGHELP.DLL
0x00007ff843650000 - 0x00007ff8439d9000 	C:\WINDOWS\System32\combase.dll
0x00007ff843c30000 - 0x00007ff843d07000 	C:\WINDOWS\System32\OLEAUT32.dll
0x00007ff8272e0000 - 0x00007ff827312000 	C:\WINDOWS\SYSTEM32\dbgcore.DLL
0x00007ff842df0000 - 0x00007ff842e6a000 	C:\WINDOWS\System32\bcryptPrimitives.dll
0x00007ff8396f0000 - 0x00007ff839716000 	C:\Program Files\Java\jdk-19\bin\java.dll
0x00007ff82b1e0000 - 0x00007ff82b2b7000 	C:\Program Files\Java\jdk-19\bin\jsvml.dll
0x00007ff844b30000 - 0x00007ff845389000 	C:\WINDOWS\System32\SHELL32.dll
0x00007ff840660000 - 0x00007ff840f54000 	C:\WINDOWS\SYSTEM32\windows.storage.dll
0x00007ff840520000 - 0x00007ff84065e000 	C:\WINDOWS\SYSTEM32\wintypes.dll
0x00007ff8439f0000 - 0x00007ff843ae3000 	C:\WINDOWS\System32\SHCORE.dll
0x00007ff844300000 - 0x00007ff84435e000 	C:\WINDOWS\System32\shlwapi.dll
0x00007ff842670000 - 0x00007ff842696000 	C:\WINDOWS\SYSTEM32\profapi.dll
0x00007ff82f140000 - 0x00007ff82f153000 	C:\Program Files\Java\jdk-19\bin\net.dll
0x00007ff838e10000 - 0x00007ff838f47000 	C:\WINDOWS\SYSTEM32\WINHTTP.dll
0x00007ff841bc0000 - 0x00007ff841c29000 	C:\WINDOWS\system32\mswsock.dll
0x00007ff82d7b0000 - 0x00007ff82d7c6000 	C:\Program Files\Java\jdk-19\bin\nio.dll
0x00007ff82d790000 - 0x00007ff82d7a8000 	C:\Program Files\Java\jdk-19\bin\zip.dll
0x00007ff814790000 - 0x00007ff814921000 	C:\Program Files\Java\jdk-19\bin\awt.dll
0x00007ff83c5c0000 - 0x00007ff83c657000 	C:\WINDOWS\SYSTEM32\apphelp.dll
0x00007ff83caa0000 - 0x00007ff83cacb000 	C:\WINDOWS\system32\DWMAPI.DLL
0x00007ff83c870000 - 0x00007ff83c91b000 	C:\WINDOWS\system32\uxtheme.dll
0x00007ff8210e0000 - 0x00007ff8211e0000 	C:\WINDOWS\system32\opengl32.dll
0x00007ff82dff0000 - 0x00007ff82e01d000 	C:\WINDOWS\SYSTEM32\GLU32.dll
0x00007ff83c950000 - 0x00007ff83c986000 	C:\WINDOWS\SYSTEM32\dxcore.dll
0x00007ff8449d0000 - 0x00007ff844b1f000 	C:\WINDOWS\System32\MSCTF.dll
0x00007ff843390000 - 0x00007ff843530000 	C:\WINDOWS\System32\ole32.dll
0x00007ff82b170000 - 0x00007ff82b19e000 	C:\Program Files\Java\jdk-19\bin\javajpeg.dll
0x00007ff814670000 - 0x00007ff8146f6000 	C:\Program Files\Java\jdk-19\bin\freetype.dll
0x00007ff809130000 - 0x00007ff8091f6000 	C:\Program Files\Java\jdk-19\bin\fontmanager.dll
0x00007ff843f80000 - 0x00007ff844030000 	C:\WINDOWS\System32\clbcatq.dll
0x00007ff83afb0000 - 0x00007ff83b160000 	C:\WINDOWS\SYSTEM32\WindowsCodecs.dll
0x00007ff818f00000 - 0x00007ff818f5e000 	C:\WINDOWS\system32\dataexchange.dll
0x00007ff837060000 - 0x00007ff8372e5000 	C:\WINDOWS\system32\twinapi.appcore.dll
0x00007ff817bd0000 - 0x00007ff817d1a000 	C:\WINDOWS\SYSTEM32\textinputframework.dll

dbghelp: loaded successfully - version: 4.0.5 - missing functions: none
symbol engine: initialized successfully - sym options: 0x614 - pdb path: .;C:\Program Files\Java\jdk-19\bin;C:\WINDOWS\SYSTEM32;C:\WINDOWS\WinSxS\amd64_microsoft.windows.common-controls_6595b64144ccf1df_6.0.22621.2506_none_270c5ae97388e100;C:\Program Files\Java\jdk-19\bin\server

VM Arguments:
jvm_args: -Dfile.encoding=UTF-8 --module-path=C:\Users\Asus\Documents\NetBeansProjects\BankManagmentSystem\build\classes 
java_command: bankmanagmentsystem.PinChange
java_class_path (initial): C:\Users\Asus\Desktop\Java Project\jcalendar-tz-1.3.3-4.jar;C:\Users\Asus\Desktop\Java Project\mysql-connector-java-8.0.28.jar-20231201T180212Z-001.zip;C:\Users\Asus\Downloads\mysql-connector-j-8.2.0;C:\Users\Asus\Downloads\mysql-connector-j-8.2.0\mysql-connector-j-8.2.0\mysql-connector-j-8.2.0.jar;C:\Users\Asus\Documents\NetBeansProjects\BankManagmentSystem\build\classes
Launcher Type: SUN_STANDARD

[Global flags]
     intx CICompilerCount                          = 4                                         {product} {ergonomic}
     uint ConcGCThreads                            = 2                                         {product} {ergonomic}
     uint G1ConcRefinementThreads                  = 8                                         {product} {ergonomic}
   size_t G1HeapRegionSize                         = 1048576                                   {product} {ergonomic}
    uintx GCDrainStackTargetSize                   = 64                                        {product} {ergonomic}
   size_t InitialHeapSize                          = 132120576                                 {product} {ergonomic}
   size_t MarkStackSize                            = 4194304                                   {product} {ergonomic}
   size_t MaxHeapSize                              = 2109734912                                {product} {ergonomic}
   size_t MaxNewSize                               = 1265631232                                {product} {ergonomic}
   size_t MinHeapDeltaBytes                        = 1048576                                   {product} {ergonomic}
   size_t MinHeapSize                              = 8388608                                   {product} {ergonomic}
    uintx NonNMethodCodeHeapSize                   = 5839372                                {pd product} {ergonomic}
    uintx NonProfiledCodeHeapSize                  = 122909434                              {pd product} {ergonomic}
    uintx ProfiledCodeHeapSize                     = 122909434                              {pd product} {ergonomic}
    uintx ReservedCodeCacheSize                    = 251658240                              {pd product} {ergonomic}
     bool SegmentedCodeCache                       = true                                      {product} {ergonomic}
   size_t SoftMaxHeapSize                          = 2109734912                             {manageable} {ergonomic}
     bool UseCompressedClassPointers               = true                           {product lp64_product} {ergonomic}
     bool UseCompressedOops                        = true                           {product lp64_product} {ergonomic}
     bool UseG1GC                                  = true                                      {product} {ergonomic}
     bool UseLargePagesIndividualAllocation        = false                                  {pd product} {ergonomic}

Logging:
Log output configuration:
 #0: stdout all=warning uptime,level,tags foldmultilines=false
 #1: stderr all=off uptime,level,tags foldmultilines=false

Environment Variables:
JAVA_HOME=C:\Program Files\Java\jdk-19\bin
PATH=C:\oraclexe\app\oracle\product\10.2.0\server\bin;C:\Program Files\Common Files\Oracle\Java\javapath;C:\WINDOWS\system32;C:\WINDOWS;C:\WINDOWS\System32\Wbem;C:\WINDOWS\System32\WindowsPowerShell\v1.0\;C:\WINDOWS\System32\OpenSSH\;C:\Program Files\Intel\WiFi\bin\;C:\Program Files\Common Files\Intel\WirelessCommon\;C:\Program Files\kotlinc\bin;C:\Program Files\Java\jdk1.8.0_291\bin;C:\MinGW\bin;C:\Program Files\Java\jdk1.8.0_202\bin;C:\Program Files\Java\jdk-19\bin;C:\Users\Asus\anaconda3;C:\Users\Asus\anaconda3\Library\mingw-w64\bin;C:\Users\Asus\anaconda3\Library\usr\bin;C:\Users\Asus\anaconda3\Library\bin;C:\Users\Asus\anaconda3\Scripts;C:\Users\Asus\AppData\Local\Microsoft\WindowsApps;C:\Program Files\Java\jdk1.8.0_291\bin;C:\Users\Asus\AppData\Local\Programs\Microsoft VS Code\bin;C:\Program Files (x86)\Brackets\;C:\Users\Asus\AppData\Local\GitHubDesktop\bin
USERNAME=Asus
OS=Windows_NT
PROCESSOR_IDENTIFIER=Intel64 Family 6 Model 142 Stepping 12, GenuineIntel
TMP=C:\Users\Asus\AppData\Local\Temp
TEMP=C:\Users\Asus\AppData\Local\Temp



---------------  S Y S T E M  ---------------

OS:
 Windows 11 , 64 bit Build 22621 (10.0.22621.2506)
OS uptime: 1 days 14:59 hours

CPU: total 8 (initial active 8) (4 cores per cpu, 2 threads per core) family 6 model 142 stepping 12 microcode 0xde, cx8, cmov, fxsr, ht, mmx, 3dnowpref, sse, sse2, sse3, ssse3, sse4.1, sse4.2, popcnt, lzcnt, tsc, tscinvbit, avx, avx2, aes, erms, clmul, bmi1, bmi2, adx, fma, vzeroupper, clflush, clflushopt, rdtscp

Memory: 4k page, system-wide physical 8043M (898M free)
TotalPageFile size 32619M (AvailPageFile size 111M)
current process WorkingSet (physical memory assigned to process): 100M, peak: 100M
current process commit charge ("private bytes"): 232M, peak: 232M

vm_info: Java HotSpot(TM) 64-Bit Server VM (19.0.2+7-44) for windows-amd64 JRE (19.0.2+7-44), built on 2022-11-30T18:02:09Z by "mach5one" with MS VC++ 17.1 (VS2022)

END.
