#
# There is insufficient memory for the Java Runtime Environment to continue.
# Native memory allocation (mmap) failed to map 132120576 bytes for G1 virtual space
# Possible reasons:
#   The system is out of physical RAM or swap space
#   The process is running with CompressedOops enabled, and the Java Heap may be blocking the growth of the native heap
# Possible solutions:
#   Reduce memory load on the system
#   Increase physical memory or swap space
#   Check if swap backing store is full
#   Decrease Java heap size (-Xmx/-Xms)
#   Decrease number of Java threads
#   Decrease Java thread stack sizes (-Xss)
#   Set larger code cache with -XX:ReservedCodeCacheSize=
#   JVM is running with Unscaled Compressed Oops mode in which the Java heap is
#     placed in the first 4GB address space. The Java Heap base address is the
#     maximum limit for the native heap growth. Please use -XX:HeapBaseMinAddress
#     to set the Java Heap base and to place the Java Heap above 4GB virtual address.
# This output file may be truncated or incomplete.
#
#  Out of Memory Error (os_windows.cpp:3536), pid=24952, tid=24720
#
# JRE version:  (19.0.2+7) (build )
# Java VM: Java HotSpot(TM) 64-Bit Server VM (19.0.2+7-44, mixed mode, sharing, tiered, compressed oops, compressed class ptrs, g1 gc, windows-amd64)
# No core dump will be written. Minidumps are not enabled by default on client versions of Windows
#

---------------  S U M M A R Y ------------

Command Line: -Dfile.encoding=UTF-8 --module-path=C:\Users\Asus\Documents\NetBeansProjects\BankManagmentSystem\build\classes bankmanagmentsystem.PinChange

Host: Intel(R) Core(TM) i5-8265U CPU @ 1.60GHz, 8 cores, 7G,  Windows 11 , 64 bit Build 22621 (10.0.22621.2506)
Time: Thu Dec  7 12:51:11 2023 India Standard Time elapsed time: 0.015938 seconds (0d 0h 0m 0s)

---------------  T H R E A D  ---------------

Current thread (0x0000021def2a7220):  JavaThread "Unknown thread" [_thread_in_vm, id=24720, stack(0x000000bfa8700000,0x000000bfa8800000)]

Stack: [0x000000bfa8700000,0x000000bfa8800000]
Native frames: (J=compiled Java code, j=interpreted, Vv=VM code, C=native code)
V  [jvm.dll+0x6ee21a]
V  [jvm.dll+0x85765e]
V  [jvm.dll+0x85904e]
V  [jvm.dll+0x859703]
V  [jvm.dll+0x28298f]
V  [jvm.dll+0x6eb009]
V  [jvm.dll+0x6dfbaa]
V  [jvm.dll+0x3573f6]
V  [jvm.dll+0x35ee56]
V  [jvm.dll+0x3b541e]
V  [jvm.dll+0x3b564f]
V  [jvm.dll+0x32c9ea]
V  [jvm.dll+0x32d89e]
V  [jvm.dll+0x821780]
V  [jvm.dll+0x3c2661]
V  [jvm.dll+0x801f51]
V  [jvm.dll+0x44ae8f]
V  [jvm.dll+0x44c811]
C  [jli.dll+0x5287]
C  [ucrtbase.dll+0x29363]
C  [KERNEL32.DLL+0x1257d]
C  [ntdll.dll+0x5aa58]


---------------  P R O C E S S  ---------------

Threads class SMR info:
_java_thread_list=0x00007fffe873d048, length=0, elements={
}

Java Threads: ( => current thread )

Other Threads:
  0x0000021def309080 WorkerThread "GC Thread#0" [stack: 0x000000bfa8800000,0x000000bfa8900000] [id=1972]
  0x0000021def319a70 ConcurrentGCThread "G1 Main Marker" [stack: 0x000000bfa8900000,0x000000bfa8a00000] [id=23028]
  0x0000021def31a550 WorkerThread "G1 Conc#0" [stack: 0x000000bfa8a00000,0x000000bfa8b00000] [id=26316]

[error occurred during error reporting (printing all threads), id 0xc0000005, EXCEPTION_ACCESS_VIOLATION (0xc0000005) at pc=0x00007fffe7efd427]

VM state: not at safepoint (not fully initialized)

VM Mutex/Monitor currently owned by a thread:  ([mutex/lock_event])
[0x0000021def2a2210] Heap_lock - owner thread: 0x0000021def2a7220

Heap address: 0x0000000082400000, size: 2012 MB, Compressed Oops mode: 32-bit

CDS archive(s) mapped at: [0x0000000000000000-0x0000000000000000-0x0000000000000000), size 0, SharedBaseAddress: 0x0000000800000000, ArchiveRelocationMode: 0.
Narrow klass base: 0x0000000000000000, Narrow klass shift: 0, Narrow klass range: 0x0

GC Precious Log:
 CardTable entry size: 512
 Card Set container configuration: InlinePtr #cards 5 size 8 Array Of Cards #cards 12 size 40 Howl #buckets 4 coarsen threshold 1843 Howl Bitmap #cards 512 size 80 coarsen threshold 460 Card regions per heap region 1 cards per card region 2048

Heap:
 garbage-first heap   total 0K, used 0K [0x0000000082400000, 0x0000000100000000)
  region size 1024K, 0 young (0K), 0 survivors (0K)

[error occurred during error reporting (printing heap information), id 0xc0000005, EXCEPTION_ACCESS_VIOLATION (0xc0000005) at pc=0x00007fffe8306649]

GC Heap History (0 events):
No events

Dll operation events (1 events):
Event: 0.010 Loaded shared library C:\Program Files\Java\jdk-19\bin\java.dll

Deoptimization events (0 events):
No events

Classes loaded (0 events):
No events

Classes unloaded (0 events):
No events

Classes redefined (0 events):
No events

Internal exceptions (0 events):
No events

VM Operations (0 events):
No events

Events (0 events):
No events


Dynamic libraries:
0x00007ff73cd20000 - 0x00007ff73cd30000 	C:\Program Files\Java\jdk-19\bin\java.exe
0x00007ff8453d0000 - 0x00007ff8455e7000 	C:\WINDOWS\SYSTEM32\ntdll.dll
0x00007ff843d90000 - 0x00007ff843e54000 	C:\WINDOWS\System32\KERNEL32.DLL
0x00007ff842740000 - 0x00007ff842ae5000 	C:\WINDOWS\System32\KERNELBASE.dll
0x00007ff843000000 - 0x00007ff843111000 	C:\WINDOWS\System32\ucrtbase.dll
0x00007ff839b00000 - 0x00007ff839b1b000 	C:\Program Files\Java\jdk-19\bin\VCRUNTIME140.dll
0x00007ff82b1a0000 - 0x00007ff82b1b8000 	C:\Program Files\Java\jdk-19\bin\jli.dll
0x00007ff843e60000 - 0x00007ff843f11000 	C:\WINDOWS\System32\ADVAPI32.dll
0x00007ff843b80000 - 0x00007ff843c27000 	C:\WINDOWS\System32\msvcrt.dll
0x00007ff843120000 - 0x00007ff8431c6000 	C:\WINDOWS\System32\sechost.dll
0x00007ff8441e0000 - 0x00007ff8442f7000 	C:\WINDOWS\System32\RPCRT4.dll
0x00007ff844030000 - 0x00007ff8441de000 	C:\WINDOWS\System32\USER32.dll
0x00007ff842fd0000 - 0x00007ff842ff6000 	C:\WINDOWS\System32\win32u.dll
0x00007ff8344b0000 - 0x00007ff834743000 	C:\WINDOWS\WinSxS\amd64_microsoft.windows.common-controls_6595b64144ccf1df_6.0.22621.2506_none_270c5ae97388e100\COMCTL32.dll
0x00007ff8435b0000 - 0x00007ff8435d9000 	C:\WINDOWS\System32\GDI32.dll
0x00007ff842c60000 - 0x00007ff842d79000 	C:\WINDOWS\System32\gdi32full.dll
0x00007ff842f30000 - 0x00007ff842fca000 	C:\WINDOWS\System32\msvcp_win.dll
0x00007ff834d60000 - 0x00007ff834d6a000 	C:\WINDOWS\SYSTEM32\VERSION.dll
0x00007ff843600000 - 0x00007ff843631000 	C:\WINDOWS\System32\IMM32.DLL
0x00007ff83ab20000 - 0x00007ff83ab2c000 	C:\Program Files\Java\jdk-19\bin\vcruntime140_1.dll
0x00007ff814700000 - 0x00007ff81478e000 	C:\Program Files\Java\jdk-19\bin\msvcp140.dll
0x00007fffe7bc0000 - 0x00007fffe8880000 	C:\Program Files\Java\jdk-19\bin\server\jvm.dll
0x00007ff82d2c0000 - 0x00007ff82d2c9000 	C:\WINDOWS\SYSTEM32\WSOCK32.dll
0x00007ff838bb0000 - 0x00007ff838be4000 	C:\WINDOWS\SYSTEM32\WINMM.dll
0x00007ff843d10000 - 0x00007ff843d81000 	C:\WINDOWS\System32\WS2_32.dll
0x00007ff841740000 - 0x00007ff841758000 	C:\WINDOWS\SYSTEM32\kernel.appcore.dll
0x00007ff839820000 - 0x00007ff83982a000 	C:\Program Files\Java\jdk-19\bin\jimage.dll
0x00007ff83cff0000 - 0x00007ff83d223000 	C:\WINDOWS\SYSTEM32\DBGHELP.DLL
0x00007ff843650000 - 0x00007ff8439d9000 	C:\WINDOWS\System32\combase.dll
0x00007ff843c30000 - 0x00007ff843d07000 	C:\WINDOWS\System32\OLEAUT32.dll
0x00007ff8272e0000 - 0x00007ff827312000 	C:\WINDOWS\SYSTEM32\dbgcore.DLL
0x00007ff842df0000 - 0x00007ff842e6a000 	C:\WINDOWS\System32\bcryptPrimitives.dll
0x00007ff8396f0000 - 0x00007ff839716000 	C:\Program Files\Java\jdk-19\bin\java.dll

dbghelp: loaded successfully - version: 4.0.5 - missing functions: none
symbol engine: initialized successfully - sym options: 0x614 - pdb path: .;C:\Program Files\Java\jdk-19\bin;C:\WINDOWS\SYSTEM32;C:\WINDOWS\WinSxS\amd64_microsoft.windows.common-controls_6595b64144ccf1df_6.0.22621.2506_none_270c5ae97388e100;C:\Program Files\Java\jdk-19\bin\server

VM Arguments:
jvm_args: -Dfile.encoding=UTF-8 --module-path=C:\Users\Asus\Documents\NetBeansProjects\BankManagmentSystem\build\classes 
java_command: bankmanagmentsystem.PinChange
java_class_path (initial): C:\Users\Asus\Desktop\Java Project\jcalendar-tz-1.3.3-4.jar;C:\Users\Asus\Desktop\Java Project\mysql-connector-java-8.0.28.jar-20231201T180212Z-001.zip;C:\Users\Asus\Downloads\mysql-connector-j-8.2.0;C:\Users\Asus\Downloads\mysql-connector-j-8.2.0\mysql-connector-j-8.2.0\mysql-connector-j-8.2.0.jar;C:\Users\Asus\Documents\NetBeansProjects\BankManagmentSystem\build\classes
Launcher Type: SUN_STANDARD

[Global flags]
     intx CICompilerCount                          = 4                                         {product} {ergonomic}
     uint ConcGCThreads                            = 2                                         {product} {ergonomic}
     uint G1ConcRefinementThreads                  = 8                                         {product} {ergonomic}
   size_t G1HeapRegionSize                         = 1048576                                   {product} {ergonomic}
    uintx GCDrainStackTargetSize                   = 64                                        {product} {ergonomic}
   size_t InitialHeapSize                          = 132120576                                 {product} {ergonomic}
   size_t MarkStackSize                            = 4194304                                   {product} {ergonomic}
   size_t MaxHeapSize                              = 2109734912                                {product} {ergonomic}
   size_t MinHeapDeltaBytes                        = 1048576                                   {product} {ergonomic}
   size_t MinHeapSize                              = 8388608                                   {product} {ergonomic}
    uintx NonNMethodCodeHeapSize                   = 5839372                                {pd product} {ergonomic}
    uintx NonProfiledCodeHeapSize                  = 122909434                              {pd product} {ergonomic}
    uintx ProfiledCodeHeapSize                     = 122909434                              {pd product} {ergonomic}
    uintx ReservedCodeCacheSize                    = 251658240                              {pd product} {ergonomic}
     bool SegmentedCodeCache                       = true                                      {product} {ergonomic}
   size_t SoftMaxHeapSize                          = 2109734912                             {manageable} {ergonomic}
     bool UseCompressedClassPointers               = true                           {product lp64_product} {ergonomic}
     bool UseCompressedOops                        = true                           {product lp64_product} {ergonomic}
     bool UseG1GC                                  = true                                      {product} {ergonomic}
     bool UseLargePagesIndividualAllocation        = false                                  {pd product} {ergonomic}

Logging:
Log output configuration:
 #0: stdout all=warning uptime,level,tags foldmultilines=false
 #1: stderr all=off uptime,level,tags foldmultilines=false

Environment Variables:
JAVA_HOME=C:\Program Files\Java\jdk-19\bin
PATH=C:\oraclexe\app\oracle\product\10.2.0\server\bin;C:\Program Files\Common Files\Oracle\Java\javapath;C:\WINDOWS\system32;C:\WINDOWS;C:\WINDOWS\System32\Wbem;C:\WINDOWS\System32\WindowsPowerShell\v1.0\;C:\WINDOWS\System32\OpenSSH\;C:\Program Files\Intel\WiFi\bin\;C:\Program Files\Common Files\Intel\WirelessCommon\;C:\Program Files\kotlinc\bin;C:\Program Files\Java\jdk1.8.0_291\bin;C:\MinGW\bin;C:\Program Files\Java\jdk1.8.0_202\bin;C:\Program Files\Java\jdk-19\bin;C:\Users\Asus\anaconda3;C:\Users\Asus\anaconda3\Library\mingw-w64\bin;C:\Users\Asus\anaconda3\Library\usr\bin;C:\Users\Asus\anaconda3\Library\bin;C:\Users\Asus\anaconda3\Scripts;C:\Users\Asus\AppData\Local\Microsoft\WindowsApps;C:\Program Files\Java\jdk1.8.0_291\bin;C:\Users\Asus\AppData\Local\Programs\Microsoft VS Code\bin;C:\Program Files (x86)\Brackets\;C:\Users\Asus\AppData\Local\GitHubDesktop\bin
USERNAME=Asus
OS=Windows_NT
PROCESSOR_IDENTIFIER=Intel64 Family 6 Model 142 Stepping 12, GenuineIntel
TMP=C:\Users\Asus\AppData\Local\Temp
TEMP=C:\Users\Asus\AppData\Local\Temp



---------------  S Y S T E M  ---------------

OS:
 Windows 11 , 64 bit Build 22621 (10.0.22621.2506)
OS uptime: 1 days 14:52 hours

CPU: total 8 (initial active 8) (4 cores per cpu, 2 threads per core) family 6 model 142 stepping 12 microcode 0xde, cx8, cmov, fxsr, ht, mmx, 3dnowpref, sse, sse2, sse3, ssse3, sse4.1, sse4.2, popcnt, lzcnt, tsc, tscinvbit, avx, avx2, aes, erms, clmul, bmi1, bmi2, adx, fma, vzeroupper, clflush, clflushopt, rdtscp

Memory: 4k page, system-wide physical 8043M (591M free)
TotalPageFile size 32619M (AvailPageFile size 60M)
current process WorkingSet (physical memory assigned to process): 11M, peak: 11M
current process commit charge ("private bytes"): 60M, peak: 186M

vm_info: Java HotSpot(TM) 64-Bit Server VM (19.0.2+7-44) for windows-amd64 JRE (19.0.2+7-44), built on 2022-11-30T18:02:09Z by "mach5one" with MS VC++ 17.1 (VS2022)

END.
